{
  "/Users/cesaraugustovargas/Git-projects/registro_gastos_front/src/Dashboard.jsx": {
    "path": "/Users/cesaraugustovargas/Git-projects/registro_gastos_front/src/Dashboard.jsx",
    "statementMap": {
      "0": { "start": { "line": 22, "column": 0 }, "end": { "line": 31, "column": 2 } },
      "1": { "start": { "line": 45, "column": 6 }, "end": { "line": 45, "column": 24 } },
      "2": { "start": { "line": 47, "column": 2 }, "end": { "line": 73, "column": 4 } }
    },
    "fnMap": {
      "0": {
        "name": "Dashboard",
        "decl": { "start": { "line": 33, "column": 24 }, "end": { "line": 33, "column": 33 } },
        "loc": { "start": { "line": 33, "column": 36 }, "end": { "line": 74, "column": 1 } },
        "line": 33
      }
    },
    "branchMap": {},
    "s": { "0": 1, "1": 2, "2": 1 },
    "f": { "0": 2 },
    "b": {},
    "_coverageSchema": "1a1c01bbd47fc00a2c39e90264f33305004495a9",
    "hash": "040fdaae8f5c10917ffae40a2c3ab65ed7861ebc"
  },
  "/Users/cesaraugustovargas/Git-projects/registro_gastos_front/src/FiltroCategorias.jsx": {
    "path": "/Users/cesaraugustovargas/Git-projects/registro_gastos_front/src/FiltroCategorias.jsx",
    "statementMap": {
      "0": { "start": { "line": 5, "column": 38 }, "end": { "line": 5, "column": 50 } },
      "1": { "start": { "line": 7, "column": 2 }, "end": { "line": 11, "column": 9 } },
      "2": { "start": { "line": 8, "column": 4 }, "end": { "line": 10, "column": 76 } },
      "3": { "start": { "line": 9, "column": 22 }, "end": { "line": 9, "column": 41 } },
      "4": { "start": { "line": 10, "column": 24 }, "end": { "line": 10, "column": 74 } },
      "5": { "start": { "line": 13, "column": 2 }, "end": { "line": 26, "column": 4 } },
      "6": { "start": { "line": 17, "column": 23 }, "end": { "line": 17, "column": 47 } },
      "7": { "start": { "line": 21, "column": 8 }, "end": { "line": 23, "column": 17 } }
    },
    "fnMap": {
      "0": {
        "name": "FiltroCategorias",
        "decl": { "start": { "line": 4, "column": 9 }, "end": { "line": 4, "column": 25 } },
        "loc": { "start": { "line": 4, "column": 63 }, "end": { "line": 27, "column": 1 } },
        "line": 4
      },
      "1": {
        "name": "(anonymous_1)",
        "decl": { "start": { "line": 7, "column": 12 }, "end": { "line": 7, "column": 13 } },
        "loc": { "start": { "line": 7, "column": 18 }, "end": { "line": 11, "column": 3 } },
        "line": 7
      },
      "2": {
        "name": "(anonymous_2)",
        "decl": { "start": { "line": 9, "column": 12 }, "end": { "line": 9, "column": 13 } },
        "loc": { "start": { "line": 9, "column": 22 }, "end": { "line": 9, "column": 41 } },
        "line": 9
      },
      "3": {
        "name": "(anonymous_3)",
        "decl": { "start": { "line": 10, "column": 13 }, "end": { "line": 10, "column": 14 } },
        "loc": { "start": { "line": 10, "column": 24 }, "end": { "line": 10, "column": 74 } },
        "line": 10
      },
      "4": {
        "name": "(anonymous_4)",
        "decl": { "start": { "line": 17, "column": 16 }, "end": { "line": 17, "column": 17 } },
        "loc": { "start": { "line": 17, "column": 23 }, "end": { "line": 17, "column": 47 } },
        "line": 17
      },
      "5": {
        "name": "(anonymous_5)",
        "decl": { "start": { "line": 20, "column": 22 }, "end": { "line": 20, "column": 23 } },
        "loc": { "start": { "line": 21, "column": 8 }, "end": { "line": 23, "column": 17 } },
        "line": 21
      }
    },
    "branchMap": {
      "0": {
        "loc": { "start": { "line": 4, "column": 45 }, "end": { "line": 4, "column": 59 } },
        "type": "default-arg",
        "locations": [{ "start": { "line": 4, "column": 57 }, "end": { "line": 4, "column": 59 } }],
        "line": 4
      }
    },
    "s": { "0": 1, "1": 1, "2": 1, "3": 1, "4": 0, "5": 1, "6": 0, "7": 0 },
    "f": { "0": 1, "1": 1, "2": 1, "3": 0, "4": 0, "5": 0 },
    "b": { "0": [0] },
    "_coverageSchema": "1a1c01bbd47fc00a2c39e90264f33305004495a9",
    "hash": "8986ae7d396bd1ba2aee4cae6e01a369f80d7a70"
  },
  "/Users/cesaraugustovargas/Git-projects/registro_gastos_front/src/GastosForm.jsx": {
    "path": "/Users/cesaraugustovargas/Git-projects/registro_gastos_front/src/GastosForm.jsx",
    "statementMap": {
      "0": { "start": { "line": 6, "column": 40 }, "end": { "line": 6, "column": 52 } },
      "1": { "start": { "line": 7, "column": 28 }, "end": { "line": 7, "column": 40 } },
      "2": { "start": { "line": 8, "column": 28 }, "end": { "line": 8, "column": 40 } },
      "3": { "start": { "line": 9, "column": 40 }, "end": { "line": 9, "column": 52 } },
      "4": { "start": { "line": 10, "column": 46 }, "end": { "line": 10, "column": 58 } },
      "5": { "start": { "line": 11, "column": 28 }, "end": { "line": 11, "column": 40 } },
      "6": { "start": { "line": 12, "column": 28 }, "end": { "line": 12, "column": 40 } },
      "7": { "start": { "line": 14, "column": 28 }, "end": { "line": 20, "column": 3 } },
      "8": { "start": { "line": 15, "column": 4 }, "end": { "line": 15, "column": 23 } },
      "9": { "start": { "line": 16, "column": 4 }, "end": { "line": 16, "column": 17 } },
      "10": { "start": { "line": 17, "column": 4 }, "end": { "line": 17, "column": 17 } },
      "11": { "start": { "line": 18, "column": 4 }, "end": { "line": 18, "column": 23 } },
      "12": { "start": { "line": 19, "column": 4 }, "end": { "line": 19, "column": 26 } },
      "13": { "start": { "line": 22, "column": 2 }, "end": { "line": 31, "column": 21 } },
      "14": { "start": { "line": 23, "column": 4 }, "end": { "line": 30, "column": 5 } },
      "15": { "start": { "line": 24, "column": 6 }, "end": { "line": 24, "column": 32 } },
      "16": { "start": { "line": 25, "column": 6 }, "end": { "line": 25, "column": 53 } },
      "17": { "start": { "line": 26, "column": 6 }, "end": { "line": 26, "column": 41 } },
      "18": { "start": { "line": 27, "column": 6 }, "end": { "line": 27, "column": 60 } },
      "19": { "start": { "line": 28, "column": 6 }, "end": { "line": 28, "column": 66 } },
      "20": { "start": { "line": 29, "column": 6 }, "end": { "line": 29, "column": 80 } },
      "21": { "start": { "line": 33, "column": 23 }, "end": { "line": 73, "column": 3 } },
      "22": { "start": { "line": 34, "column": 4 }, "end": { "line": 34, "column": 23 } },
      "23": { "start": { "line": 35, "column": 4 }, "end": { "line": 35, "column": 17 } },
      "24": { "start": { "line": 36, "column": 4 }, "end": { "line": 36, "column": 17 } },
      "25": { "start": { "line": 37, "column": 4 }, "end": { "line": 40, "column": 5 } },
      "26": { "start": { "line": 38, "column": 6 }, "end": { "line": 38, "column": 71 } },
      "27": { "start": { "line": 39, "column": 6 }, "end": { "line": 39, "column": 13 } },
      "28": { "start": { "line": 42, "column": 4 }, "end": { "line": 72, "column": 5 } },
      "29": { "start": { "line": 43, "column": 6 }, "end": { "line": 65, "column": 7 } },
      "30": { "start": { "line": 44, "column": 8 }, "end": { "line": 44, "column": 34 } },
      "31": { "start": { "line": 45, "column": 8 }, "end": { "line": 45, "column": 76 } },
      "32": { "start": { "line": 46, "column": 8 }, "end": { "line": 52, "column": 11 } },
      "33": { "start": { "line": 54, "column": 8 }, "end": { "line": 54, "column": 76 } },
      "34": { "start": { "line": 55, "column": 8 }, "end": { "line": 61, "column": 11 } },
      "35": { "start": { "line": 63, "column": 8 }, "end": { "line": 63, "column": 52 } },
      "36": { "start": { "line": 64, "column": 8 }, "end": { "line": 64, "column": 28 } },
      "37": { "start": { "line": 67, "column": 6 }, "end": { "line": 67, "column": 33 } },
      "38": { "start": { "line": 67, "column": 21 }, "end": { "line": 67, "column": 33 } },
      "39": { "start": { "line": 68, "column": 6 }, "end": { "line": 68, "column": 29 } },
      "40": { "start": { "line": 68, "column": 19 }, "end": { "line": 68, "column": 29 } },
      "41": { "start": { "line": 70, "column": 6 }, "end": { "line": 70, "column": 25 } },
      "42": { "start": { "line": 71, "column": 6 }, "end": { "line": 71, "column": 44 } },
      "43": { "start": { "line": 76, "column": 4 }, "end": { "line": 76, "column": 29 } },
      "44": { "start": { "line": 76, "column": 19 }, "end": { "line": 76, "column": 29 } },
      "45": { "start": { "line": 77, "column": 18 }, "end": { "line": 77, "column": 36 } },
      "46": { "start": { "line": 78, "column": 16 }, "end": { "line": 78, "column": 35 } },
      "47": { "start": { "line": 79, "column": 4 }, "end": { "line": 79, "column": 29 } },
      "48": { "start": { "line": 81, "column": 2 }, "end": { "line": 139, "column": 4 } },
      "49": { "start": { "line": 98, "column": 29 }, "end": { "line": 98, "column": 59 } },
      "50": { "start": { "line": 105, "column": 29 }, "end": { "line": 105, "column": 53 } },
      "51": { "start": { "line": 111, "column": 29 }, "end": { "line": 111, "column": 53 } },
      "52": { "start": { "line": 119, "column": 29 }, "end": { "line": 119, "column": 62 } }
    },
    "fnMap": {
      "0": {
        "name": "GastosForm",
        "decl": { "start": { "line": 5, "column": 24 }, "end": { "line": 5, "column": 34 } },
        "loc": { "start": { "line": 5, "column": 92 }, "end": { "line": 140, "column": 1 } },
        "line": 5
      },
      "1": {
        "name": "(anonymous_1)",
        "decl": { "start": { "line": 14, "column": 28 }, "end": { "line": 14, "column": 29 } },
        "loc": { "start": { "line": 14, "column": 34 }, "end": { "line": 20, "column": 3 } },
        "line": 14
      },
      "2": {
        "name": "(anonymous_2)",
        "decl": { "start": { "line": 22, "column": 12 }, "end": { "line": 22, "column": 13 } },
        "loc": { "start": { "line": 22, "column": 18 }, "end": { "line": 31, "column": 3 } },
        "line": 22
      },
      "3": {
        "name": "(anonymous_3)",
        "decl": { "start": { "line": 33, "column": 23 }, "end": { "line": 33, "column": 24 } },
        "loc": { "start": { "line": 33, "column": 36 }, "end": { "line": 73, "column": 3 } },
        "line": 33
      },
      "4": {
        "name": "formatoFechaInput",
        "decl": { "start": { "line": 75, "column": 11 }, "end": { "line": 75, "column": 28 } },
        "loc": { "start": { "line": 75, "column": 39 }, "end": { "line": 80, "column": 3 } },
        "line": 75
      },
      "5": {
        "name": "(anonymous_5)",
        "decl": { "start": { "line": 98, "column": 22 }, "end": { "line": 98, "column": 23 } },
        "loc": { "start": { "line": 98, "column": 29 }, "end": { "line": 98, "column": 59 } },
        "line": 98
      },
      "6": {
        "name": "(anonymous_6)",
        "decl": { "start": { "line": 105, "column": 22 }, "end": { "line": 105, "column": 23 } },
        "loc": { "start": { "line": 105, "column": 29 }, "end": { "line": 105, "column": 53 } },
        "line": 105
      },
      "7": {
        "name": "(anonymous_7)",
        "decl": { "start": { "line": 111, "column": 22 }, "end": { "line": 111, "column": 23 } },
        "loc": { "start": { "line": 111, "column": 29 }, "end": { "line": 111, "column": 53 } },
        "line": 111
      },
      "8": {
        "name": "(anonymous_8)",
        "decl": { "start": { "line": 119, "column": 22 }, "end": { "line": 119, "column": 23 } },
        "loc": { "start": { "line": 119, "column": 29 }, "end": { "line": 119, "column": 62 } },
        "line": 119
      }
    },
    "branchMap": {
      "0": {
        "loc": { "start": { "line": 5, "column": 37 }, "end": { "line": 5, "column": 54 } },
        "type": "default-arg",
        "locations": [{ "start": { "line": 5, "column": 49 }, "end": { "line": 5, "column": 54 } }],
        "line": 5
      },
      "1": {
        "loc": { "start": { "line": 23, "column": 4 }, "end": { "line": 30, "column": 5 } },
        "type": "if",
        "locations": [
          { "start": { "line": 23, "column": 4 }, "end": { "line": 30, "column": 5 } },
          { "start": {}, "end": {} }
        ],
        "line": 23
      },
      "2": {
        "loc": { "start": { "line": 25, "column": 21 }, "end": { "line": 25, "column": 51 } },
        "type": "binary-expr",
        "locations": [
          { "start": { "line": 25, "column": 21 }, "end": { "line": 25, "column": 45 } },
          { "start": { "line": 25, "column": 49 }, "end": { "line": 25, "column": 51 } }
        ],
        "line": 25
      },
      "3": {
        "loc": { "start": { "line": 26, "column": 15 }, "end": { "line": 26, "column": 39 } },
        "type": "binary-expr",
        "locations": [
          { "start": { "line": 26, "column": 15 }, "end": { "line": 26, "column": 33 } },
          { "start": { "line": 26, "column": 37 }, "end": { "line": 26, "column": 39 } }
        ],
        "line": 26
      },
      "4": {
        "loc": { "start": { "line": 27, "column": 15 }, "end": { "line": 27, "column": 58 } },
        "type": "binary-expr",
        "locations": [
          { "start": { "line": 27, "column": 15 }, "end": { "line": 27, "column": 52 } },
          { "start": { "line": 27, "column": 56 }, "end": { "line": 27, "column": 58 } }
        ],
        "line": 27
      },
      "5": {
        "loc": { "start": { "line": 28, "column": 21 }, "end": { "line": 28, "column": 64 } },
        "type": "binary-expr",
        "locations": [
          { "start": { "line": 28, "column": 21 }, "end": { "line": 28, "column": 58 } },
          { "start": { "line": 28, "column": 62 }, "end": { "line": 28, "column": 64 } }
        ],
        "line": 28
      },
      "6": {
        "loc": { "start": { "line": 29, "column": 24 }, "end": { "line": 29, "column": 78 } },
        "type": "binary-expr",
        "locations": [
          { "start": { "line": 29, "column": 24 }, "end": { "line": 29, "column": 72 } },
          { "start": { "line": 29, "column": 76 }, "end": { "line": 29, "column": 78 } }
        ],
        "line": 29
      },
      "7": {
        "loc": { "start": { "line": 37, "column": 4 }, "end": { "line": 40, "column": 5 } },
        "type": "if",
        "locations": [
          { "start": { "line": 37, "column": 4 }, "end": { "line": 40, "column": 5 } },
          { "start": {}, "end": {} }
        ],
        "line": 37
      },
      "8": {
        "loc": { "start": { "line": 37, "column": 8 }, "end": { "line": 37, "column": 56 } },
        "type": "binary-expr",
        "locations": [
          { "start": { "line": 37, "column": 8 }, "end": { "line": 37, "column": 20 } },
          { "start": { "line": 37, "column": 24 }, "end": { "line": 37, "column": 30 } },
          { "start": { "line": 37, "column": 34 }, "end": { "line": 37, "column": 40 } },
          { "start": { "line": 37, "column": 44 }, "end": { "line": 37, "column": 56 } }
        ],
        "line": 37
      },
      "9": {
        "loc": { "start": { "line": 43, "column": 6 }, "end": { "line": 65, "column": 7 } },
        "type": "if",
        "locations": [
          { "start": { "line": 43, "column": 6 }, "end": { "line": 65, "column": 7 } },
          { "start": { "line": 53, "column": 13 }, "end": { "line": 65, "column": 7 } }
        ],
        "line": 43
      },
      "10": {
        "loc": { "start": { "line": 51, "column": 28 }, "end": { "line": 51, "column": 50 } },
        "type": "binary-expr",
        "locations": [
          { "start": { "line": 51, "column": 28 }, "end": { "line": 51, "column": 42 } },
          { "start": { "line": 51, "column": 46 }, "end": { "line": 51, "column": 50 } }
        ],
        "line": 51
      },
      "11": {
        "loc": { "start": { "line": 60, "column": 28 }, "end": { "line": 60, "column": 50 } },
        "type": "binary-expr",
        "locations": [
          { "start": { "line": 60, "column": 28 }, "end": { "line": 60, "column": 42 } },
          { "start": { "line": 60, "column": 46 }, "end": { "line": 60, "column": 50 } }
        ],
        "line": 60
      },
      "12": {
        "loc": { "start": { "line": 67, "column": 6 }, "end": { "line": 67, "column": 33 } },
        "type": "if",
        "locations": [
          { "start": { "line": 67, "column": 6 }, "end": { "line": 67, "column": 33 } },
          { "start": {}, "end": {} }
        ],
        "line": 67
      },
      "13": {
        "loc": { "start": { "line": 68, "column": 6 }, "end": { "line": 68, "column": 29 } },
        "type": "if",
        "locations": [
          { "start": { "line": 68, "column": 6 }, "end": { "line": 68, "column": 29 } },
          { "start": {}, "end": {} }
        ],
        "line": 68
      },
      "14": {
        "loc": { "start": { "line": 76, "column": 4 }, "end": { "line": 76, "column": 29 } },
        "type": "if",
        "locations": [
          { "start": { "line": 76, "column": 4 }, "end": { "line": 76, "column": 29 } },
          { "start": {}, "end": {} }
        ],
        "line": 76
      },
      "15": {
        "loc": { "start": { "line": 83, "column": 20 }, "end": { "line": 83, "column": 104 } },
        "type": "cond-expr",
        "locations": [
          { "start": { "line": 83, "column": 32 }, "end": { "line": 83, "column": 34 } },
          { "start": { "line": 83, "column": 37 }, "end": { "line": 83, "column": 104 } }
        ],
        "line": 83
      },
      "16": {
        "loc": { "start": { "line": 85, "column": 63 }, "end": { "line": 85, "column": 90 } },
        "type": "cond-expr",
        "locations": [
          { "start": { "line": 85, "column": 75 }, "end": { "line": 85, "column": 77 } },
          { "start": { "line": 85, "column": 80 }, "end": { "line": 85, "column": 90 } }
        ],
        "line": 85
      },
      "17": {
        "loc": { "start": { "line": 87, "column": 11 }, "end": { "line": 87, "column": 70 } },
        "type": "cond-expr",
        "locations": [
          { "start": { "line": 87, "column": 26 }, "end": { "line": 87, "column": 45 } },
          { "start": { "line": 87, "column": 48 }, "end": { "line": 87, "column": 70 } }
        ],
        "line": 87
      },
      "18": {
        "loc": { "start": { "line": 90, "column": 9 }, "end": { "line": 90, "column": 62 } },
        "type": "binary-expr",
        "locations": [
          { "start": { "line": 90, "column": 9 }, "end": { "line": 90, "column": 14 } },
          { "start": { "line": 90, "column": 18 }, "end": { "line": 90, "column": 62 } }
        ],
        "line": 90
      },
      "19": {
        "loc": { "start": { "line": 91, "column": 9 }, "end": { "line": 91, "column": 94 } },
        "type": "binary-expr",
        "locations": [
          { "start": { "line": 91, "column": 9 }, "end": { "line": 91, "column": 14 } },
          { "start": { "line": 91, "column": 18 }, "end": { "line": 91, "column": 94 } }
        ],
        "line": 91
      }
    },
    "s": {
      "0": 26,
      "1": 26,
      "2": 26,
      "3": 26,
      "4": 26,
      "5": 26,
      "6": 26,
      "7": 26,
      "8": 1,
      "9": 1,
      "10": 1,
      "11": 1,
      "12": 1,
      "13": 26,
      "14": 8,
      "15": 2,
      "16": 2,
      "17": 2,
      "18": 2,
      "19": 2,
      "20": 2,
      "21": 26,
      "22": 4,
      "23": 4,
      "24": 4,
      "25": 4,
      "26": 1,
      "27": 1,
      "28": 3,
      "29": 3,
      "30": 1,
      "31": 1,
      "32": 1,
      "33": 2,
      "34": 2,
      "35": 1,
      "36": 1,
      "37": 2,
      "38": 0,
      "39": 2,
      "40": 0,
      "41": 1,
      "42": 1,
      "43": 4,
      "44": 0,
      "45": 4,
      "46": 4,
      "47": 4,
      "48": 26,
      "49": 4,
      "50": 2,
      "51": 2,
      "52": 0
    },
    "f": { "0": 26, "1": 1, "2": 8, "3": 4, "4": 4, "5": 4, "6": 2, "7": 2, "8": 0 },
    "b": {
      "0": [26],
      "1": [2, 6],
      "2": [2, 0],
      "3": [2, 0],
      "4": [2, 0],
      "5": [2, 0],
      "6": [2, 0],
      "7": [1, 3],
      "8": [4, 3, 3, 3],
      "9": [1, 2],
      "10": [1, 0],
      "11": [2, 2],
      "12": [0, 2],
      "13": [0, 2],
      "14": [0, 4],
      "15": [0, 26],
      "16": [0, 26],
      "17": [6, 20],
      "18": [26, 2],
      "19": [26, 1]
    },
    "_coverageSchema": "1a1c01bbd47fc00a2c39e90264f33305004495a9",
    "hash": "530069baf9ccdd0c457c118c8e4a1a83cd1f61bc"
  },
  "/Users/cesaraugustovargas/Git-projects/registro_gastos_front/src/Login.jsx": {
    "path": "/Users/cesaraugustovargas/Git-projects/registro_gastos_front/src/Login.jsx",
    "statementMap": {
      "0": { "start": { "line": 4, "column": 28 }, "end": { "line": 4, "column": 40 } },
      "1": { "start": { "line": 5, "column": 34 }, "end": { "line": 5, "column": 46 } },
      "2": { "start": { "line": 7, "column": 23 }, "end": { "line": 16, "column": 3 } },
      "3": { "start": { "line": 8, "column": 4 }, "end": { "line": 8, "column": 23 } },
      "4": { "start": { "line": 10, "column": 4 }, "end": { "line": 15, "column": 5 } },
      "5": { "start": { "line": 11, "column": 6 }, "end": { "line": 11, "column": 54 } },
      "6": { "start": { "line": 12, "column": 6 }, "end": { "line": 12, "column": 16 } },
      "7": { "start": { "line": 14, "column": 6 }, "end": { "line": 14, "column": 38 } },
      "8": { "start": { "line": 18, "column": 2 }, "end": { "line": 44, "column": 4 } },
      "9": { "start": { "line": 26, "column": 27 }, "end": { "line": 26, "column": 51 } },
      "10": { "start": { "line": 33, "column": 27 }, "end": { "line": 33, "column": 54 } }
    },
    "fnMap": {
      "0": {
        "name": "Login",
        "decl": { "start": { "line": 3, "column": 24 }, "end": { "line": 3, "column": 29 } },
        "loc": { "start": { "line": 3, "column": 43 }, "end": { "line": 45, "column": 1 } },
        "line": 3
      },
      "1": {
        "name": "(anonymous_1)",
        "decl": { "start": { "line": 7, "column": 23 }, "end": { "line": 7, "column": 24 } },
        "loc": { "start": { "line": 7, "column": 36 }, "end": { "line": 16, "column": 3 } },
        "line": 7
      },
      "2": {
        "name": "(anonymous_2)",
        "decl": { "start": { "line": 26, "column": 20 }, "end": { "line": 26, "column": 21 } },
        "loc": { "start": { "line": 26, "column": 27 }, "end": { "line": 26, "column": 51 } },
        "line": 26
      },
      "3": {
        "name": "(anonymous_3)",
        "decl": { "start": { "line": 33, "column": 20 }, "end": { "line": 33, "column": 21 } },
        "loc": { "start": { "line": 33, "column": 27 }, "end": { "line": 33, "column": 54 } },
        "line": 33
      }
    },
    "branchMap": {
      "0": {
        "loc": { "start": { "line": 10, "column": 4 }, "end": { "line": 15, "column": 5 } },
        "type": "if",
        "locations": [
          { "start": { "line": 10, "column": 4 }, "end": { "line": 15, "column": 5 } },
          { "start": { "line": 13, "column": 11 }, "end": { "line": 15, "column": 5 } }
        ],
        "line": 10
      },
      "1": {
        "loc": { "start": { "line": 10, "column": 8 }, "end": { "line": 10, "column": 59 } },
        "type": "binary-expr",
        "locations": [
          { "start": { "line": 10, "column": 8 }, "end": { "line": 10, "column": 34 } },
          { "start": { "line": 10, "column": 38 }, "end": { "line": 10, "column": 59 } }
        ],
        "line": 10
      }
    },
    "s": {
      "0": 1,
      "1": 1,
      "2": 1,
      "3": 0,
      "4": 0,
      "5": 0,
      "6": 0,
      "7": 0,
      "8": 1,
      "9": 0,
      "10": 0
    },
    "f": { "0": 1, "1": 0, "2": 0, "3": 0 },
    "b": { "0": [0, 0], "1": [0, 0] },
    "_coverageSchema": "1a1c01bbd47fc00a2c39e90264f33305004495a9",
    "hash": "a0b778ea05622e842d270375c88d34a224eb61f9"
  },
  "/Users/cesaraugustovargas/Git-projects/registro_gastos_front/src/MesesTable.jsx": {
    "path": "/Users/cesaraugustovargas/Git-projects/registro_gastos_front/src/MesesTable.jsx",
    "statementMap": {
      "0": { "start": { "line": 4, "column": 17 }, "end": { "line": 4, "column": 43 } },
      "1": { "start": { "line": 6, "column": 20 }, "end": { "line": 12, "column": 1 } },
      "2": { "start": { "line": 7, "column": 2 }, "end": { "line": 7, "column": 57 } },
      "3": { "start": { "line": 7, "column": 45 }, "end": { "line": 7, "column": 57 } },
      "4": { "start": { "line": 8, "column": 18 }, "end": { "line": 8, "column": 55 } },
      "5": { "start": { "line": 9, "column": 2 }, "end": { "line": 9, "column": 34 } },
      "6": { "start": { "line": 9, "column": 22 }, "end": { "line": 9, "column": 34 } },
      "7": { "start": { "line": 10, "column": 17 }, "end": { "line": 10, "column": 32 } },
      "8": { "start": { "line": 11, "column": 2 }, "end": { "line": 11, "column": 46 } },
      "9": { "start": { "line": 15, "column": 28 }, "end": { "line": 15, "column": 40 } },
      "10": { "start": { "line": 16, "column": 46 }, "end": { "line": 16, "column": 58 } },
      "11": { "start": { "line": 17, "column": 36 }, "end": { "line": 17, "column": 51 } },
      "12": { "start": { "line": 18, "column": 32 }, "end": { "line": 18, "column": 44 } },
      "13": { "start": { "line": 19, "column": 28 }, "end": { "line": 19, "column": 40 } },
      "14": { "start": { "line": 21, "column": 19 }, "end": { "line": 48, "column": 3 } },
      "15": { "start": { "line": 50, "column": 22 }, "end": { "line": 63, "column": 3 } },
      "16": { "start": { "line": 51, "column": 4 }, "end": { "line": 62, "column": 9 } },
      "17": { "start": { "line": 54, "column": 8 }, "end": { "line": 54, "column": 32 } },
      "18": { "start": { "line": 55, "column": 8 }, "end": { "line": 55, "column": 41 } },
      "19": { "start": { "line": 56, "column": 8 }, "end": { "line": 56, "column": 23 } },
      "20": { "start": { "line": 57, "column": 8 }, "end": { "line": 57, "column": 21 } },
      "21": { "start": { "line": 60, "column": 8 }, "end": { "line": 60, "column": 52 } },
      "22": { "start": { "line": 61, "column": 8 }, "end": { "line": 61, "column": 47 } },
      "23": { "start": { "line": 65, "column": 2 }, "end": { "line": 67, "column": 9 } },
      "24": { "start": { "line": 66, "column": 4 }, "end": { "line": 66, "column": 18 } },
      "25": { "start": { "line": 69, "column": 26 }, "end": { "line": 75, "column": 3 } },
      "26": { "start": { "line": 70, "column": 4 }, "end": { "line": 74, "column": 7 } },
      "27": { "start": { "line": 71, "column": 22 }, "end": { "line": 71, "column": 31 } },
      "28": { "start": { "line": 72, "column": 6 }, "end": { "line": 72, "column": 61 } },
      "29": { "start": { "line": 73, "column": 6 }, "end": { "line": 73, "column": 21 } },
      "30": { "start": { "line": 77, "column": 21 }, "end": { "line": 79, "column": 29 } },
      "31": { "start": { "line": 78, "column": 4 }, "end": { "line": 78, "column": 68 } },
      "32": { "start": { "line": 81, "column": 25 }, "end": { "line": 104, "column": 3 } },
      "33": { "start": { "line": 82, "column": 4 }, "end": { "line": 82, "column": 19 } },
      "34": { "start": { "line": 83, "column": 4 }, "end": { "line": 83, "column": 17 } },
      "35": { "start": { "line": 84, "column": 4 }, "end": { "line": 84, "column": 23 } },
      "36": { "start": { "line": 86, "column": 4 }, "end": { "line": 103, "column": 5 } },
      "37": { "start": { "line": 87, "column": 22 }, "end": { "line": 93, "column": 9 } },
      "38": { "start": { "line": 87, "column": 42 }, "end": { "line": 93, "column": 7 } },
      "39": { "start": { "line": 95, "column": 6 }, "end": { "line": 95, "column": 63 } },
      "40": { "start": { "line": 96, "column": 6 }, "end": { "line": 96, "column": 53 } },
      "41": { "start": { "line": 97, "column": 6 }, "end": { "line": 97, "column": 20 } },
      "42": { "start": { "line": 99, "column": 6 }, "end": { "line": 99, "column": 51 } },
      "43": { "start": { "line": 100, "column": 6 }, "end": { "line": 100, "column": 48 } },
      "44": { "start": { "line": 102, "column": 6 }, "end": { "line": 102, "column": 26 } },
      "45": { "start": { "line": 106, "column": 2 }, "end": { "line": 177, "column": 4 } },
      "46": { "start": { "line": 131, "column": 16 }, "end": { "line": 138, "column": 21 } },
      "47": { "start": { "line": 144, "column": 14 }, "end": { "line": 164, "column": 19 } },
      "48": { "start": { "line": 146, "column": 18 }, "end": { "line": 162, "column": 23 } },
      "49": { "start": { "line": 157, "column": 41 }, "end": { "line": 157, "column": 90 } }
    },
    "fnMap": {
      "0": {
        "name": "(anonymous_0)",
        "decl": { "start": { "line": 6, "column": 20 }, "end": { "line": 6, "column": 21 } },
        "loc": { "start": { "line": 6, "column": 31 }, "end": { "line": 12, "column": 1 } },
        "line": 6
      },
      "1": {
        "name": "MesesTable",
        "decl": { "start": { "line": 14, "column": 24 }, "end": { "line": 14, "column": 34 } },
        "loc": { "start": { "line": 14, "column": 37 }, "end": { "line": 178, "column": 1 } },
        "line": 14
      },
      "2": {
        "name": "(anonymous_2)",
        "decl": { "start": { "line": 50, "column": 22 }, "end": { "line": 50, "column": 23 } },
        "loc": { "start": { "line": 50, "column": 28 }, "end": { "line": 63, "column": 3 } },
        "line": 50
      },
      "3": {
        "name": "(anonymous_3)",
        "decl": { "start": { "line": 53, "column": 12 }, "end": { "line": 53, "column": 13 } },
        "loc": { "start": { "line": 53, "column": 26 }, "end": { "line": 58, "column": 7 } },
        "line": 53
      },
      "4": {
        "name": "(anonymous_4)",
        "decl": { "start": { "line": 59, "column": 13 }, "end": { "line": 59, "column": 14 } },
        "loc": { "start": { "line": 59, "column": 22 }, "end": { "line": 62, "column": 7 } },
        "line": 59
      },
      "5": {
        "name": "(anonymous_5)",
        "decl": { "start": { "line": 65, "column": 12 }, "end": { "line": 65, "column": 13 } },
        "loc": { "start": { "line": 65, "column": 18 }, "end": { "line": 67, "column": 3 } },
        "line": 65
      },
      "6": {
        "name": "(anonymous_6)",
        "decl": { "start": { "line": 69, "column": 26 }, "end": { "line": 69, "column": 27 } },
        "loc": { "start": { "line": 69, "column": 51 }, "end": { "line": 75, "column": 3 } },
        "line": 69
      },
      "7": {
        "name": "(anonymous_7)",
        "decl": { "start": { "line": 70, "column": 13 }, "end": { "line": 70, "column": 14 } },
        "loc": { "start": { "line": 70, "column": 23 }, "end": { "line": 74, "column": 5 } },
        "line": 70
      },
      "8": {
        "name": "(anonymous_8)",
        "decl": { "start": { "line": 77, "column": 29 }, "end": { "line": 77, "column": 30 } },
        "loc": { "start": { "line": 77, "column": 35 }, "end": { "line": 79, "column": 3 } },
        "line": 77
      },
      "9": {
        "name": "(anonymous_9)",
        "decl": { "start": { "line": 81, "column": 25 }, "end": { "line": 81, "column": 26 } },
        "loc": { "start": { "line": 81, "column": 37 }, "end": { "line": 104, "column": 3 } },
        "line": 81
      },
      "10": {
        "name": "(anonymous_10)",
        "decl": { "start": { "line": 87, "column": 32 }, "end": { "line": 87, "column": 33 } },
        "loc": { "start": { "line": 87, "column": 42 }, "end": { "line": 93, "column": 7 } },
        "line": 87
      },
      "11": {
        "name": "(anonymous_11)",
        "decl": { "start": { "line": 130, "column": 28 }, "end": { "line": 130, "column": 29 } },
        "loc": { "start": { "line": 131, "column": 16 }, "end": { "line": 138, "column": 21 } },
        "line": 131
      },
      "12": {
        "name": "(anonymous_12)",
        "decl": { "start": { "line": 143, "column": 23 }, "end": { "line": 143, "column": 24 } },
        "loc": { "start": { "line": 144, "column": 14 }, "end": { "line": 164, "column": 19 } },
        "line": 144
      },
      "13": {
        "name": "(anonymous_13)",
        "decl": { "start": { "line": 145, "column": 30 }, "end": { "line": 145, "column": 31 } },
        "loc": { "start": { "line": 146, "column": 18 }, "end": { "line": 162, "column": 23 } },
        "line": 146
      },
      "14": {
        "name": "(anonymous_14)",
        "decl": { "start": { "line": 157, "column": 34 }, "end": { "line": 157, "column": 35 } },
        "loc": { "start": { "line": 157, "column": 41 }, "end": { "line": 157, "column": 90 } },
        "line": 157
      }
    },
    "branchMap": {
      "0": {
        "loc": { "start": { "line": 7, "column": 2 }, "end": { "line": 7, "column": 57 } },
        "type": "if",
        "locations": [
          { "start": { "line": 7, "column": 2 }, "end": { "line": 7, "column": 57 } },
          { "start": {}, "end": {} }
        ],
        "line": 7
      },
      "1": {
        "loc": { "start": { "line": 7, "column": 6 }, "end": { "line": 7, "column": 43 } },
        "type": "binary-expr",
        "locations": [
          { "start": { "line": 7, "column": 6 }, "end": { "line": 7, "column": 20 } },
          { "start": { "line": 7, "column": 24 }, "end": { "line": 7, "column": 43 } }
        ],
        "line": 7
      },
      "2": {
        "loc": { "start": { "line": 9, "column": 2 }, "end": { "line": 9, "column": 34 } },
        "type": "if",
        "locations": [
          { "start": { "line": 9, "column": 2 }, "end": { "line": 9, "column": 34 } },
          { "start": {}, "end": {} }
        ],
        "line": 9
      },
      "3": {
        "loc": { "start": { "line": 11, "column": 9 }, "end": { "line": 11, "column": 45 } },
        "type": "cond-expr",
        "locations": [
          { "start": { "line": 11, "column": 32 }, "end": { "line": 11, "column": 36 } },
          { "start": { "line": 11, "column": 39 }, "end": { "line": 11, "column": 45 } }
        ],
        "line": 11
      },
      "4": {
        "loc": { "start": { "line": 111, "column": 9 }, "end": { "line": 111, "column": 69 } },
        "type": "binary-expr",
        "locations": [
          { "start": { "line": 111, "column": 9 }, "end": { "line": 111, "column": 16 } },
          { "start": { "line": 111, "column": 20 }, "end": { "line": 111, "column": 69 } }
        ],
        "line": 111
      },
      "5": {
        "loc": { "start": { "line": 112, "column": 9 }, "end": { "line": 112, "column": 63 } },
        "type": "binary-expr",
        "locations": [
          { "start": { "line": 112, "column": 9 }, "end": { "line": 112, "column": 14 } },
          { "start": { "line": 112, "column": 18 }, "end": { "line": 112, "column": 63 } }
        ],
        "line": 112
      },
      "6": {
        "loc": { "start": { "line": 115, "column": 20 }, "end": { "line": 115, "column": 44 } },
        "type": "binary-expr",
        "locations": [
          { "start": { "line": 115, "column": 20 }, "end": { "line": 115, "column": 31 } },
          { "start": { "line": 115, "column": 35 }, "end": { "line": 115, "column": 44 } }
        ],
        "line": 115
      },
      "7": {
        "loc": { "start": { "line": 117, "column": 12 }, "end": { "line": 119, "column": 62 } },
        "type": "cond-expr",
        "locations": [
          { "start": { "line": 118, "column": 16 }, "end": { "line": 118, "column": 58 } },
          { "start": { "line": 119, "column": 16 }, "end": { "line": 119, "column": 62 } }
        ],
        "line": 117
      },
      "8": {
        "loc": { "start": { "line": 117, "column": 12 }, "end": { "line": 117, "column": 36 } },
        "type": "binary-expr",
        "locations": [
          { "start": { "line": 117, "column": 12 }, "end": { "line": 117, "column": 22 } },
          { "start": { "line": 117, "column": 26 }, "end": { "line": 117, "column": 36 } }
        ],
        "line": 117
      },
      "9": {
        "loc": { "start": { "line": 122, "column": 11 }, "end": { "line": 122, "column": 57 } },
        "type": "cond-expr",
        "locations": [
          { "start": { "line": 122, "column": 23 }, "end": { "line": 122, "column": 37 } },
          { "start": { "line": 122, "column": 40 }, "end": { "line": 122, "column": 57 } }
        ],
        "line": 122
      },
      "10": {
        "loc": { "start": { "line": 134, "column": 20 }, "end": { "line": 134, "column": 70 } },
        "type": "cond-expr",
        "locations": [
          { "start": { "line": 134, "column": 44 }, "end": { "line": 134, "column": 56 } },
          { "start": { "line": 134, "column": 59 }, "end": { "line": 134, "column": 70 } }
        ],
        "line": 134
      },
      "11": {
        "loc": { "start": { "line": 149, "column": 22 }, "end": { "line": 149, "column": 72 } },
        "type": "cond-expr",
        "locations": [
          { "start": { "line": 149, "column": 46 }, "end": { "line": 149, "column": 58 } },
          { "start": { "line": 149, "column": 61 }, "end": { "line": 149, "column": 72 } }
        ],
        "line": 149
      },
      "12": {
        "loc": { "start": { "line": 152, "column": 21 }, "end": { "line": 161, "column": 21 } },
        "type": "cond-expr",
        "locations": [
          { "start": { "line": 153, "column": 22 }, "end": { "line": 158, "column": 24 } },
          { "start": { "line": 160, "column": 22 }, "end": { "line": 160, "column": 51 } }
        ],
        "line": 152
      },
      "13": {
        "loc": { "start": { "line": 156, "column": 31 }, "end": { "line": 156, "column": 51 } },
        "type": "binary-expr",
        "locations": [
          { "start": { "line": 156, "column": 31 }, "end": { "line": 156, "column": 45 } },
          { "start": { "line": 156, "column": 49 }, "end": { "line": 156, "column": 51 } }
        ],
        "line": 156
      },
      "14": {
        "loc": { "start": { "line": 166, "column": 13 }, "end": { "line": 172, "column": 13 } },
        "type": "binary-expr",
        "locations": [
          { "start": { "line": 166, "column": 13 }, "end": { "line": 166, "column": 31 } },
          { "start": { "line": 167, "column": 14 }, "end": { "line": 171, "column": 19 } }
        ],
        "line": 166
      }
    },
    "s": {
      "0": 1,
      "1": 1,
      "2": 0,
      "3": 0,
      "4": 0,
      "5": 0,
      "6": 0,
      "7": 0,
      "8": 0,
      "9": 2,
      "10": 1,
      "11": 1,
      "12": 1,
      "13": 1,
      "14": 1,
      "15": 1,
      "16": 1,
      "17": 1,
      "18": 1,
      "19": 1,
      "20": 1,
      "21": 0,
      "22": 0,
      "23": 1,
      "24": 1,
      "25": 1,
      "26": 0,
      "27": 0,
      "28": 0,
      "29": 0,
      "30": 1,
      "31": 1,
      "32": 1,
      "33": 0,
      "34": 0,
      "35": 0,
      "36": 0,
      "37": 0,
      "38": 0,
      "39": 0,
      "40": 0,
      "41": 0,
      "42": 0,
      "43": 0,
      "44": 0,
      "45": 1,
      "46": 6,
      "47": 0,
      "48": 0,
      "49": 0
    },
    "f": {
      "0": 0,
      "1": 2,
      "2": 1,
      "3": 1,
      "4": 0,
      "5": 1,
      "6": 0,
      "7": 0,
      "8": 1,
      "9": 0,
      "10": 0,
      "11": 6,
      "12": 0,
      "13": 0,
      "14": 0
    },
    "b": {
      "0": [0, 0],
      "1": [0, 0],
      "2": [0, 0],
      "3": [0, 0],
      "4": [1, 0],
      "5": [1, 0],
      "6": [1, 0],
      "7": [0, 1],
      "8": [1, 0],
      "9": [0, 1],
      "10": [5, 1],
      "11": [0, 0],
      "12": [0, 0],
      "13": [0, 0],
      "14": [1, 1]
    },
    "_coverageSchema": "1a1c01bbd47fc00a2c39e90264f33305004495a9",
    "hash": "ffd8739270f4a67cf39c233dfa1b2e9ba17cfc8e"
  },
  "/Users/cesaraugustovargas/Git-projects/registro_gastos_front/src/TablaReportes.jsx": {
    "path": "/Users/cesaraugustovargas/Git-projects/registro_gastos_front/src/TablaReportes.jsx",
    "statementMap": {
      "0": { "start": { "line": 8, "column": 40 }, "end": { "line": 8, "column": 52 } },
      "1": { "start": { "line": 9, "column": 38 }, "end": { "line": 9, "column": 50 } },
      "2": { "start": { "line": 10, "column": 36 }, "end": { "line": 10, "column": 48 } },
      "3": { "start": { "line": 11, "column": 36 }, "end": { "line": 11, "column": 50 } },
      "4": { "start": { "line": 12, "column": 44 }, "end": { "line": 12, "column": 59 } },
      "5": { "start": { "line": 13, "column": 40 }, "end": { "line": 13, "column": 51 } },
      "6": { "start": { "line": 14, "column": 42 }, "end": { "line": 14, "column": 54 } },
      "7": { "start": { "line": 15, "column": 40 }, "end": { "line": 15, "column": 52 } },
      "8": { "start": { "line": 16, "column": 34 }, "end": { "line": 16, "column": 46 } },
      "9": { "start": { "line": 17, "column": 42 }, "end": { "line": 17, "column": 57 } },
      "10": { "start": { "line": 18, "column": 42 }, "end": { "line": 18, "column": 56 } },
      "11": { "start": { "line": 19, "column": 38 }, "end": { "line": 19, "column": 52 } },
      "12": { "start": { "line": 20, "column": 28 }, "end": { "line": 20, "column": 39 } },
      "13": { "start": { "line": 22, "column": 18 }, "end": { "line": 29, "column": 3 } },
      "14": { "start": { "line": 31, "column": 2 }, "end": { "line": 33, "column": 9 } },
      "15": { "start": { "line": 32, "column": 4 }, "end": { "line": 32, "column": 24 } },
      "16": { "start": { "line": 35, "column": 28 }, "end": { "line": 40, "column": 3 } },
      "17": { "start": { "line": 36, "column": 4 }, "end": { "line": 39, "column": 77 } },
      "18": { "start": { "line": 38, "column": 26 }, "end": { "line": 38, "column": 55 } },
      "19": { "start": { "line": 39, "column": 24 }, "end": { "line": 39, "column": 75 } },
      "20": { "start": { "line": 42, "column": 28 }, "end": { "line": 45, "column": 3 } },
      "21": { "start": { "line": 43, "column": 4 }, "end": { "line": 43, "column": 25 } },
      "22": { "start": { "line": 44, "column": 4 }, "end": { "line": 44, "column": 26 } },
      "23": { "start": { "line": 47, "column": 29 }, "end": { "line": 56, "column": 3 } },
      "24": { "start": { "line": 48, "column": 4 }, "end": { "line": 55, "column": 5 } },
      "25": { "start": { "line": 49, "column": 6 }, "end": { "line": 49, "column": 84 } },
      "26": { "start": { "line": 50, "column": 6 }, "end": { "line": 50, "column": 26 } },
      "27": { "start": { "line": 51, "column": 6 }, "end": { "line": 51, "column": 29 } },
      "28": { "start": { "line": 52, "column": 6 }, "end": { "line": 52, "column": 28 } },
      "29": { "start": { "line": 54, "column": 6 }, "end": { "line": 54, "column": 49 } },
      "30": { "start": { "line": 58, "column": 23 }, "end": { "line": 78, "column": 91 } },
      "31": { "start": { "line": 59, "column": 19 }, "end": { "line": 65, "column": 6 } },
      "32": { "start": { "line": 60, "column": 32 }, "end": { "line": 60, "column": 84 } },
      "33": { "start": { "line": 61, "column": 30 }, "end": { "line": 61, "column": 93 } },
      "34": { "start": { "line": 62, "column": 32 }, "end": { "line": 62, "column": 93 } },
      "35": { "start": { "line": 63, "column": 29 }, "end": { "line": 63, "column": 84 } },
      "36": { "start": { "line": 64, "column": 6 }, "end": { "line": 64, "column": 89 } },
      "37": { "start": { "line": 67, "column": 4 }, "end": { "line": 77, "column": 7 } },
      "38": { "start": { "line": 68, "column": 19 }, "end": { "line": 68, "column": 31 } },
      "39": { "start": { "line": 69, "column": 19 }, "end": { "line": 69, "column": 31 } },
      "40": { "start": { "line": 70, "column": 26 }, "end": { "line": 70, "column": 75 } },
      "41": { "start": { "line": 71, "column": 21 }, "end": { "line": 71, "column": 69 } },
      "42": { "start": { "line": 72, "column": 21 }, "end": { "line": 72, "column": 69 } },
      "43": { "start": { "line": 74, "column": 6 }, "end": { "line": 74, "column": 67 } },
      "44": { "start": { "line": 74, "column": 27 }, "end": { "line": 74, "column": 67 } },
      "45": { "start": { "line": 75, "column": 6 }, "end": { "line": 75, "column": 67 } },
      "46": { "start": { "line": 75, "column": 27 }, "end": { "line": 75, "column": 67 } },
      "47": { "start": { "line": 76, "column": 6 }, "end": { "line": 76, "column": 15 } },
      "48": { "start": { "line": 80, "column": 2 }, "end": { "line": 83, "column": 21 } },
      "49": { "start": { "line": 81, "column": 23 }, "end": { "line": 81, "column": 95 } },
      "50": { "start": { "line": 81, "column": 57 }, "end": { "line": 81, "column": 91 } },
      "51": { "start": { "line": 82, "column": 4 }, "end": { "line": 82, "column": 25 } },
      "52": { "start": { "line": 85, "column": 24 }, "end": { "line": 88, "column": 47 } },
      "53": { "start": { "line": 86, "column": 18 }, "end": { "line": 86, "column": 50 } },
      "54": { "start": { "line": 87, "column": 4 }, "end": { "line": 87, "column": 59 } },
      "55": { "start": { "line": 90, "column": 21 }, "end": { "line": 97, "column": 3 } },
      "56": { "start": { "line": 91, "column": 4 }, "end": { "line": 96, "column": 5 } },
      "57": { "start": { "line": 92, "column": 6 }, "end": { "line": 92, "column": 68 } },
      "58": { "start": { "line": 92, "column": 34 }, "end": { "line": 92, "column": 65 } },
      "59": { "start": { "line": 94, "column": 6 }, "end": { "line": 94, "column": 24 } },
      "60": { "start": { "line": 95, "column": 6 }, "end": { "line": 95, "column": 30 } },
      "61": { "start": { "line": 99, "column": 25 }, "end": { "line": 106, "column": 3 } },
      "62": { "start": { "line": 100, "column": 4 }, "end": { "line": 100, "column": 22 } },
      "63": { "start": { "line": 101, "column": 4 }, "end": { "line": 101, "column": 21 } },
      "64": { "start": { "line": 102, "column": 4 }, "end": { "line": 102, "column": 23 } },
      "65": { "start": { "line": 103, "column": 4 }, "end": { "line": 103, "column": 20 } },
      "66": { "start": { "line": 104, "column": 4 }, "end": { "line": 104, "column": 24 } },
      "67": { "start": { "line": 105, "column": 4 }, "end": { "line": 105, "column": 22 } },
      "68": { "start": { "line": 108, "column": 2 }, "end": { "line": 278, "column": 4 } },
      "69": { "start": { "line": 118, "column": 27 }, "end": { "line": 118, "column": 70 } },
      "70": { "start": { "line": 121, "column": 64 }, "end": { "line": 121, "column": 81 } },
      "71": { "start": { "line": 127, "column": 12 }, "end": { "line": 127, "column": 52 } },
      "72": { "start": { "line": 128, "column": 12 }, "end": { "line": 128, "column": 30 } },
      "73": { "start": { "line": 132, "column": 12 }, "end": { "line": 134, "column": 21 } },
      "74": { "start": { "line": 141, "column": 27 }, "end": { "line": 141, "column": 57 } },
      "75": { "start": { "line": 148, "column": 27 }, "end": { "line": 148, "column": 54 } },
      "76": { "start": { "line": 165, "column": 16 }, "end": { "line": 171, "column": 21 } },
      "77": { "start": { "line": 167, "column": 33 }, "end": { "line": 167, "column": 54 } },
      "78": { "start": { "line": 178, "column": 14 }, "end": { "line": 207, "column": 19 } },
      "79": { "start": { "line": 193, "column": 35 }, "end": { "line": 193, "column": 53 } },
      "80": { "start": { "line": 200, "column": 35 }, "end": { "line": 200, "column": 57 } },
      "81": { "start": { "line": 224, "column": 10 }, "end": { "line": 230, "column": 19 } },
      "82": { "start": { "line": 226, "column": 27 }, "end": { "line": 226, "column": 48 } },
      "83": { "start": { "line": 245, "column": 31 }, "end": { "line": 245, "column": 53 } },
      "84": { "start": { "line": 267, "column": 29 }, "end": { "line": 267, "column": 48 } },
      "85": { "start": { "line": 269, "column": 16 }, "end": { "line": 269, "column": 36 } },
      "86": { "start": { "line": 270, "column": 16 }, "end": { "line": 270, "column": 36 } }
    },
    "fnMap": {
      "0": {
        "name": "TablaReportes",
        "decl": { "start": { "line": 7, "column": 24 }, "end": { "line": 7, "column": 37 } },
        "loc": { "start": { "line": 7, "column": 40 }, "end": { "line": 279, "column": 1 } },
        "line": 7
      },
      "1": {
        "name": "(anonymous_1)",
        "decl": { "start": { "line": 31, "column": 12 }, "end": { "line": 31, "column": 13 } },
        "loc": { "start": { "line": 31, "column": 18 }, "end": { "line": 33, "column": 3 } },
        "line": 31
      },
      "2": {
        "name": "(anonymous_2)",
        "decl": { "start": { "line": 35, "column": 28 }, "end": { "line": 35, "column": 29 } },
        "loc": { "start": { "line": 35, "column": 34 }, "end": { "line": 40, "column": 3 } },
        "line": 35
      },
      "3": {
        "name": "(anonymous_3)",
        "decl": { "start": { "line": 38, "column": 12 }, "end": { "line": 38, "column": 13 } },
        "loc": { "start": { "line": 38, "column": 26 }, "end": { "line": 38, "column": 55 } },
        "line": 38
      },
      "4": {
        "name": "(anonymous_4)",
        "decl": { "start": { "line": 39, "column": 13 }, "end": { "line": 39, "column": 14 } },
        "loc": { "start": { "line": 39, "column": 24 }, "end": { "line": 39, "column": 75 } },
        "line": 39
      },
      "5": {
        "name": "(anonymous_5)",
        "decl": { "start": { "line": 42, "column": 28 }, "end": { "line": 42, "column": 29 } },
        "loc": { "start": { "line": 42, "column": 37 }, "end": { "line": 45, "column": 3 } },
        "line": 42
      },
      "6": {
        "name": "(anonymous_6)",
        "decl": { "start": { "line": 47, "column": 29 }, "end": { "line": 47, "column": 30 } },
        "loc": { "start": { "line": 47, "column": 41 }, "end": { "line": 56, "column": 3 } },
        "line": 47
      },
      "7": {
        "name": "(anonymous_7)",
        "decl": { "start": { "line": 58, "column": 31 }, "end": { "line": 58, "column": 32 } },
        "loc": { "start": { "line": 58, "column": 37 }, "end": { "line": 78, "column": 3 } },
        "line": 58
      },
      "8": {
        "name": "(anonymous_8)",
        "decl": { "start": { "line": 59, "column": 38 }, "end": { "line": 59, "column": 39 } },
        "loc": { "start": { "line": 59, "column": 48 }, "end": { "line": 65, "column": 5 } },
        "line": 59
      },
      "9": {
        "name": "(anonymous_9)",
        "decl": { "start": { "line": 67, "column": 25 }, "end": { "line": 67, "column": 26 } },
        "loc": { "start": { "line": 67, "column": 35 }, "end": { "line": 77, "column": 5 } },
        "line": 67
      },
      "10": {
        "name": "(anonymous_10)",
        "decl": { "start": { "line": 80, "column": 12 }, "end": { "line": 80, "column": 13 } },
        "loc": { "start": { "line": 80, "column": 18 }, "end": { "line": 83, "column": 3 } },
        "line": 80
      },
      "11": {
        "name": "(anonymous_11)",
        "decl": { "start": { "line": 81, "column": 43 }, "end": { "line": 81, "column": 44 } },
        "loc": { "start": { "line": 81, "column": 57 }, "end": { "line": 81, "column": 91 } },
        "line": 81
      },
      "12": {
        "name": "(anonymous_12)",
        "decl": { "start": { "line": 85, "column": 32 }, "end": { "line": 85, "column": 33 } },
        "loc": { "start": { "line": 85, "column": 38 }, "end": { "line": 88, "column": 3 } },
        "line": 85
      },
      "13": {
        "name": "(anonymous_13)",
        "decl": { "start": { "line": 90, "column": 21 }, "end": { "line": 90, "column": 22 } },
        "loc": { "start": { "line": 90, "column": 30 }, "end": { "line": 97, "column": 3 } },
        "line": 90
      },
      "14": {
        "name": "(anonymous_14)",
        "decl": { "start": { "line": 92, "column": 23 }, "end": { "line": 92, "column": 24 } },
        "loc": { "start": { "line": 92, "column": 34 }, "end": { "line": 92, "column": 65 } },
        "line": 92
      },
      "15": {
        "name": "(anonymous_15)",
        "decl": { "start": { "line": 99, "column": 25 }, "end": { "line": 99, "column": 26 } },
        "loc": { "start": { "line": 99, "column": 31 }, "end": { "line": 106, "column": 3 } },
        "line": 99
      },
      "16": {
        "name": "(anonymous_16)",
        "decl": { "start": { "line": 118, "column": 20 }, "end": { "line": 118, "column": 21 } },
        "loc": { "start": { "line": 118, "column": 27 }, "end": { "line": 118, "column": 70 } },
        "line": 118
      },
      "17": {
        "name": "(anonymous_17)",
        "decl": { "start": { "line": 121, "column": 55 }, "end": { "line": 121, "column": 56 } },
        "loc": { "start": { "line": 121, "column": 64 }, "end": { "line": 121, "column": 81 } },
        "line": 121
      },
      "18": {
        "name": "(anonymous_18)",
        "decl": { "start": { "line": 126, "column": 20 }, "end": { "line": 126, "column": 21 } },
        "loc": { "start": { "line": 126, "column": 27 }, "end": { "line": 129, "column": 11 } },
        "line": 126
      },
      "19": {
        "name": "(anonymous_19)",
        "decl": { "start": { "line": 131, "column": 32 }, "end": { "line": 131, "column": 33 } },
        "loc": { "start": { "line": 132, "column": 12 }, "end": { "line": 134, "column": 21 } },
        "line": 132
      },
      "20": {
        "name": "(anonymous_20)",
        "decl": { "start": { "line": 141, "column": 20 }, "end": { "line": 141, "column": 21 } },
        "loc": { "start": { "line": 141, "column": 27 }, "end": { "line": 141, "column": 57 } },
        "line": 141
      },
      "21": {
        "name": "(anonymous_21)",
        "decl": { "start": { "line": 148, "column": 20 }, "end": { "line": 148, "column": 21 } },
        "loc": { "start": { "line": 148, "column": 27 }, "end": { "line": 148, "column": 54 } },
        "line": 148
      },
      "22": {
        "name": "(anonymous_22)",
        "decl": { "start": { "line": 164, "column": 27 }, "end": { "line": 164, "column": 28 } },
        "loc": { "start": { "line": 165, "column": 16 }, "end": { "line": 171, "column": 21 } },
        "line": 165
      },
      "23": {
        "name": "(anonymous_23)",
        "decl": { "start": { "line": 167, "column": 27 }, "end": { "line": 167, "column": 28 } },
        "loc": { "start": { "line": 167, "column": 33 }, "end": { "line": 167, "column": 54 } },
        "line": 167
      },
      "24": {
        "name": "(anonymous_24)",
        "decl": { "start": { "line": 177, "column": 31 }, "end": { "line": 177, "column": 32 } },
        "loc": { "start": { "line": 178, "column": 14 }, "end": { "line": 207, "column": 19 } },
        "line": 178
      },
      "25": {
        "name": "(anonymous_25)",
        "decl": { "start": { "line": 193, "column": 29 }, "end": { "line": 193, "column": 30 } },
        "loc": { "start": { "line": 193, "column": 35 }, "end": { "line": 193, "column": 53 } },
        "line": 193
      },
      "26": {
        "name": "(anonymous_26)",
        "decl": { "start": { "line": 200, "column": 29 }, "end": { "line": 200, "column": 30 } },
        "loc": { "start": { "line": 200, "column": 35 }, "end": { "line": 200, "column": 57 } },
        "line": 200
      },
      "27": {
        "name": "(anonymous_27)",
        "decl": { "start": { "line": 223, "column": 79 }, "end": { "line": 223, "column": 80 } },
        "loc": { "start": { "line": 224, "column": 10 }, "end": { "line": 230, "column": 19 } },
        "line": 224
      },
      "28": {
        "name": "(anonymous_28)",
        "decl": { "start": { "line": 226, "column": 21 }, "end": { "line": 226, "column": 22 } },
        "loc": { "start": { "line": 226, "column": 27 }, "end": { "line": 226, "column": 48 } },
        "line": 226
      },
      "29": {
        "name": "(anonymous_29)",
        "decl": { "start": { "line": 245, "column": 25 }, "end": { "line": 245, "column": 26 } },
        "loc": { "start": { "line": 245, "column": 31 }, "end": { "line": 245, "column": 53 } },
        "line": 245
      },
      "30": {
        "name": "(anonymous_30)",
        "decl": { "start": { "line": 267, "column": 23 }, "end": { "line": 267, "column": 24 } },
        "loc": { "start": { "line": 267, "column": 29 }, "end": { "line": 267, "column": 48 } },
        "line": 267
      },
      "31": {
        "name": "(anonymous_31)",
        "decl": { "start": { "line": 268, "column": 25 }, "end": { "line": 268, "column": 26 } },
        "loc": { "start": { "line": 268, "column": 31 }, "end": { "line": 271, "column": 15 } },
        "line": 268
      }
    },
    "branchMap": {
      "0": {
        "loc": { "start": { "line": 61, "column": 30 }, "end": { "line": 61, "column": 93 } },
        "type": "binary-expr",
        "locations": [
          { "start": { "line": 61, "column": 30 }, "end": { "line": 61, "column": 46 } },
          { "start": { "line": 61, "column": 50 }, "end": { "line": 61, "column": 93 } }
        ],
        "line": 61
      },
      "1": {
        "loc": { "start": { "line": 62, "column": 32 }, "end": { "line": 62, "column": 93 } },
        "type": "binary-expr",
        "locations": [
          { "start": { "line": 62, "column": 32 }, "end": { "line": 62, "column": 44 } },
          { "start": { "line": 62, "column": 48 }, "end": { "line": 62, "column": 93 } }
        ],
        "line": 62
      },
      "2": {
        "loc": { "start": { "line": 63, "column": 29 }, "end": { "line": 63, "column": 84 } },
        "type": "binary-expr",
        "locations": [
          { "start": { "line": 63, "column": 29 }, "end": { "line": 63, "column": 38 } },
          { "start": { "line": 63, "column": 42 }, "end": { "line": 63, "column": 84 } }
        ],
        "line": 63
      },
      "3": {
        "loc": { "start": { "line": 64, "column": 13 }, "end": { "line": 64, "column": 88 } },
        "type": "binary-expr",
        "locations": [
          { "start": { "line": 64, "column": 13 }, "end": { "line": 64, "column": 30 } },
          { "start": { "line": 64, "column": 34 }, "end": { "line": 64, "column": 49 } },
          { "start": { "line": 64, "column": 53 }, "end": { "line": 64, "column": 70 } },
          { "start": { "line": 64, "column": 74 }, "end": { "line": 64, "column": 88 } }
        ],
        "line": 64
      },
      "4": {
        "loc": { "start": { "line": 71, "column": 21 }, "end": { "line": 71, "column": 69 } },
        "type": "cond-expr",
        "locations": [
          { "start": { "line": 71, "column": 35 }, "end": { "line": 71, "column": 54 } },
          { "start": { "line": 71, "column": 58 }, "end": { "line": 71, "column": 68 } }
        ],
        "line": 71
      },
      "5": {
        "loc": { "start": { "line": 71, "column": 44 }, "end": { "line": 71, "column": 53 } },
        "type": "binary-expr",
        "locations": [
          { "start": { "line": 71, "column": 44 }, "end": { "line": 71, "column": 48 } },
          { "start": { "line": 71, "column": 52 }, "end": { "line": 71, "column": 53 } }
        ],
        "line": 71
      },
      "6": {
        "loc": { "start": { "line": 71, "column": 58 }, "end": { "line": 71, "column": 68 } },
        "type": "binary-expr",
        "locations": [
          { "start": { "line": 71, "column": 58 }, "end": { "line": 71, "column": 62 } },
          { "start": { "line": 71, "column": 66 }, "end": { "line": 71, "column": 68 } }
        ],
        "line": 71
      },
      "7": {
        "loc": { "start": { "line": 72, "column": 21 }, "end": { "line": 72, "column": 69 } },
        "type": "cond-expr",
        "locations": [
          { "start": { "line": 72, "column": 35 }, "end": { "line": 72, "column": 54 } },
          { "start": { "line": 72, "column": 58 }, "end": { "line": 72, "column": 68 } }
        ],
        "line": 72
      },
      "8": {
        "loc": { "start": { "line": 72, "column": 44 }, "end": { "line": 72, "column": 53 } },
        "type": "binary-expr",
        "locations": [
          { "start": { "line": 72, "column": 44 }, "end": { "line": 72, "column": 48 } },
          { "start": { "line": 72, "column": 52 }, "end": { "line": 72, "column": 53 } }
        ],
        "line": 72
      },
      "9": {
        "loc": { "start": { "line": 72, "column": 58 }, "end": { "line": 72, "column": 68 } },
        "type": "binary-expr",
        "locations": [
          { "start": { "line": 72, "column": 58 }, "end": { "line": 72, "column": 62 } },
          { "start": { "line": 72, "column": 66 }, "end": { "line": 72, "column": 68 } }
        ],
        "line": 72
      },
      "10": {
        "loc": { "start": { "line": 74, "column": 6 }, "end": { "line": 74, "column": 67 } },
        "type": "if",
        "locations": [
          { "start": { "line": 74, "column": 6 }, "end": { "line": 74, "column": 67 } },
          { "start": {}, "end": {} }
        ],
        "line": 74
      },
      "11": {
        "loc": { "start": { "line": 74, "column": 34 }, "end": { "line": 74, "column": 66 } },
        "type": "cond-expr",
        "locations": [
          { "start": { "line": 74, "column": 60 }, "end": { "line": 74, "column": 62 } },
          { "start": { "line": 74, "column": 65 }, "end": { "line": 74, "column": 66 } }
        ],
        "line": 74
      },
      "12": {
        "loc": { "start": { "line": 75, "column": 6 }, "end": { "line": 75, "column": 67 } },
        "type": "if",
        "locations": [
          { "start": { "line": 75, "column": 6 }, "end": { "line": 75, "column": 67 } },
          { "start": {}, "end": {} }
        ],
        "line": 75
      },
      "13": {
        "loc": { "start": { "line": 75, "column": 34 }, "end": { "line": 75, "column": 66 } },
        "type": "cond-expr",
        "locations": [
          { "start": { "line": 75, "column": 60 }, "end": { "line": 75, "column": 61 } },
          { "start": { "line": 75, "column": 64 }, "end": { "line": 75, "column": 66 } }
        ],
        "line": 75
      },
      "14": {
        "loc": { "start": { "line": 81, "column": 64 }, "end": { "line": 81, "column": 90 } },
        "type": "binary-expr",
        "locations": [
          { "start": { "line": 81, "column": 64 }, "end": { "line": 81, "column": 85 } },
          { "start": { "line": 81, "column": 89 }, "end": { "line": 81, "column": 90 } }
        ],
        "line": 81
      },
      "15": {
        "loc": { "start": { "line": 91, "column": 4 }, "end": { "line": 96, "column": 5 } },
        "type": "if",
        "locations": [
          { "start": { "line": 91, "column": 4 }, "end": { "line": 96, "column": 5 } },
          { "start": { "line": 93, "column": 11 }, "end": { "line": 96, "column": 5 } }
        ],
        "line": 91
      },
      "16": {
        "loc": { "start": { "line": 92, "column": 34 }, "end": { "line": 92, "column": 65 } },
        "type": "cond-expr",
        "locations": [
          { "start": { "line": 92, "column": 51 }, "end": { "line": 92, "column": 57 } },
          { "start": { "line": 92, "column": 60 }, "end": { "line": 92, "column": 65 } }
        ],
        "line": 92
      },
      "17": {
        "loc": { "start": { "line": 170, "column": 31 }, "end": { "line": 170, "column": 99 } },
        "type": "cond-expr",
        "locations": [
          { "start": { "line": 170, "column": 58 }, "end": { "line": 170, "column": 93 } },
          { "start": { "line": 170, "column": 97 }, "end": { "line": 170, "column": 99 } }
        ],
        "line": 170
      },
      "18": {
        "loc": { "start": { "line": 170, "column": 58 }, "end": { "line": 170, "column": 93 } },
        "type": "cond-expr",
        "locations": [
          { "start": { "line": 170, "column": 84 }, "end": { "line": 170, "column": 87 } },
          { "start": { "line": 170, "column": 90 }, "end": { "line": 170, "column": 93 } }
        ],
        "line": 170
      },
      "19": {
        "loc": { "start": { "line": 183, "column": 19 }, "end": { "line": 183, "column": 83 } },
        "type": "cond-expr",
        "locations": [
          { "start": { "line": 183, "column": 31 }, "end": { "line": 183, "column": 78 } },
          { "start": { "line": 183, "column": 81 }, "end": { "line": 183, "column": 83 } }
        ],
        "line": 183
      },
      "20": {
        "loc": { "start": { "line": 187, "column": 19 }, "end": { "line": 189, "column": 24 } },
        "type": "cond-expr",
        "locations": [
          { "start": { "line": 188, "column": 22 }, "end": { "line": 188, "column": 80 } },
          { "start": { "line": 189, "column": 22 }, "end": { "line": 189, "column": 24 } }
        ],
        "line": 187
      },
      "21": {
        "loc": { "start": { "line": 209, "column": 13 }, "end": { "line": 217, "column": 13 } },
        "type": "binary-expr",
        "locations": [
          { "start": { "line": 209, "column": 13 }, "end": { "line": 209, "column": 27 } },
          { "start": { "line": 210, "column": 14 }, "end": { "line": 216, "column": 19 } }
        ],
        "line": 209
      },
      "22": {
        "loc": { "start": { "line": 227, "column": 44 }, "end": { "line": 227, "column": 97 } },
        "type": "cond-expr",
        "locations": [
          { "start": { "line": 227, "column": 68 }, "end": { "line": 227, "column": 81 } },
          { "start": { "line": 227, "column": 84 }, "end": { "line": 227, "column": 97 } }
        ],
        "line": 227
      },
      "23": {
        "loc": { "start": { "line": 234, "column": 7 }, "end": { "line": 259, "column": 7 } },
        "type": "binary-expr",
        "locations": [
          { "start": { "line": 234, "column": 7 }, "end": { "line": 234, "column": 19 } },
          { "start": { "line": 235, "column": 8 }, "end": { "line": 258, "column": 14 } }
        ],
        "line": 234
      },
      "24": {
        "loc": { "start": { "line": 262, "column": 7 }, "end": { "line": 276, "column": 7 } },
        "type": "binary-expr",
        "locations": [
          { "start": { "line": 262, "column": 7 }, "end": { "line": 262, "column": 17 } },
          { "start": { "line": 263, "column": 8 }, "end": { "line": 275, "column": 14 } }
        ],
        "line": 262
      }
    },
    "s": {
      "0": 2,
      "1": 1,
      "2": 1,
      "3": 1,
      "4": 1,
      "5": 1,
      "6": 1,
      "7": 1,
      "8": 1,
      "9": 1,
      "10": 1,
      "11": 1,
      "12": 1,
      "13": 1,
      "14": 1,
      "15": 1,
      "16": 1,
      "17": 1,
      "18": 1,
      "19": 0,
      "20": 1,
      "21": 0,
      "22": 0,
      "23": 1,
      "24": 0,
      "25": 0,
      "26": 0,
      "27": 0,
      "28": 0,
      "29": 0,
      "30": 1,
      "31": 1,
      "32": 0,
      "33": 0,
      "34": 0,
      "35": 0,
      "36": 0,
      "37": 1,
      "38": 0,
      "39": 0,
      "40": 0,
      "41": 0,
      "42": 0,
      "43": 0,
      "44": 0,
      "45": 0,
      "46": 0,
      "47": 0,
      "48": 1,
      "49": 1,
      "50": 0,
      "51": 1,
      "52": 1,
      "53": 1,
      "54": 1,
      "55": 1,
      "56": 0,
      "57": 0,
      "58": 0,
      "59": 0,
      "60": 0,
      "61": 1,
      "62": 0,
      "63": 0,
      "64": 0,
      "65": 0,
      "66": 0,
      "67": 0,
      "68": 1,
      "69": 0,
      "70": 0,
      "71": 0,
      "72": 0,
      "73": 4,
      "74": 0,
      "75": 0,
      "76": 6,
      "77": 0,
      "78": 0,
      "79": 0,
      "80": 0,
      "81": 0,
      "82": 0,
      "83": 0,
      "84": 0,
      "85": 0,
      "86": 0
    },
    "f": {
      "0": 2,
      "1": 1,
      "2": 1,
      "3": 1,
      "4": 0,
      "5": 0,
      "6": 0,
      "7": 1,
      "8": 0,
      "9": 0,
      "10": 1,
      "11": 0,
      "12": 1,
      "13": 0,
      "14": 0,
      "15": 0,
      "16": 0,
      "17": 0,
      "18": 0,
      "19": 4,
      "20": 0,
      "21": 0,
      "22": 6,
      "23": 0,
      "24": 0,
      "25": 0,
      "26": 0,
      "27": 0,
      "28": 0,
      "29": 0,
      "30": 0,
      "31": 0
    },
    "b": {
      "0": [0, 0],
      "1": [0, 0],
      "2": [0, 0],
      "3": [0, 0, 0, 0],
      "4": [0, 0],
      "5": [0, 0],
      "6": [0, 0],
      "7": [0, 0],
      "8": [0, 0],
      "9": [0, 0],
      "10": [0, 0],
      "11": [0, 0],
      "12": [0, 0],
      "13": [0, 0],
      "14": [0, 0],
      "15": [0, 0],
      "16": [0, 0],
      "17": [1, 5],
      "18": [1, 0],
      "19": [0, 0],
      "20": [0, 0],
      "21": [1, 1],
      "22": [0, 0],
      "23": [1, 0],
      "24": [1, 0]
    },
    "_coverageSchema": "1a1c01bbd47fc00a2c39e90264f33305004495a9",
    "hash": "68f9feeb337f7f75ec858f0fe7c667b7f5254949"
  },
  "/Users/cesaraugustovargas/Git-projects/registro_gastos_front/src/components/dashboard/ChartsSection.jsx": {
    "path": "/Users/cesaraugustovargas/Git-projects/registro_gastos_front/src/components/dashboard/ChartsSection.jsx",
    "statementMap": {
      "0": { "start": { "line": 6, "column": 2 }, "end": { "line": 73, "column": 4 } },
      "1": { "start": { "line": 14, "column": 46 }, "end": { "line": 14, "column": 51 } },
      "2": { "start": { "line": 18, "column": 48 }, "end": { "line": 18, "column": 79 } },
      "3": { "start": { "line": 40, "column": 45 }, "end": { "line": 40, "column": 50 } },
      "4": { "start": { "line": 44, "column": 47 }, "end": { "line": 44, "column": 60 } },
      "5": { "start": { "line": 50, "column": 47 }, "end": { "line": 50, "column": 85 } },
      "6": { "start": { "line": 56, "column": 47 }, "end": { "line": 56, "column": 86 } }
    },
    "fnMap": {
      "0": {
        "name": "ChartsSection",
        "decl": { "start": { "line": 5, "column": 24 }, "end": { "line": 5, "column": 37 } },
        "loc": { "start": { "line": 5, "column": 73 }, "end": { "line": 74, "column": 1 } },
        "line": 5
      },
      "1": {
        "name": "(anonymous_1)",
        "decl": { "start": { "line": 14, "column": 39 }, "end": { "line": 14, "column": 40 } },
        "loc": { "start": { "line": 14, "column": 46 }, "end": { "line": 14, "column": 51 } },
        "line": 14
      },
      "2": {
        "name": "(anonymous_2)",
        "decl": { "start": { "line": 18, "column": 41 }, "end": { "line": 18, "column": 42 } },
        "loc": { "start": { "line": 18, "column": 48 }, "end": { "line": 18, "column": 79 } },
        "line": 18
      },
      "3": {
        "name": "(anonymous_3)",
        "decl": { "start": { "line": 40, "column": 38 }, "end": { "line": 40, "column": 39 } },
        "loc": { "start": { "line": 40, "column": 45 }, "end": { "line": 40, "column": 50 } },
        "line": 40
      },
      "4": {
        "name": "(anonymous_4)",
        "decl": { "start": { "line": 44, "column": 40 }, "end": { "line": 44, "column": 41 } },
        "loc": { "start": { "line": 44, "column": 47 }, "end": { "line": 44, "column": 60 } },
        "line": 44
      },
      "5": {
        "name": "(anonymous_5)",
        "decl": { "start": { "line": 50, "column": 40 }, "end": { "line": 50, "column": 41 } },
        "loc": { "start": { "line": 50, "column": 47 }, "end": { "line": 50, "column": 85 } },
        "line": 50
      },
      "6": {
        "name": "(anonymous_6)",
        "decl": { "start": { "line": 56, "column": 40 }, "end": { "line": 56, "column": 41 } },
        "loc": { "start": { "line": 56, "column": 47 }, "end": { "line": 56, "column": 86 } },
        "line": 56
      }
    },
    "branchMap": {},
    "s": { "0": 1, "1": 0, "2": 0, "3": 0, "4": 0, "5": 0, "6": 0 },
    "f": { "0": 1, "1": 0, "2": 0, "3": 0, "4": 0, "5": 0, "6": 0 },
    "b": {},
    "_coverageSchema": "1a1c01bbd47fc00a2c39e90264f33305004495a9",
    "hash": "d88790c24fb36a748f97d268f2a375e41355c8b5"
  },
  "/Users/cesaraugustovargas/Git-projects/registro_gastos_front/src/components/dashboard/EstimadoVsRealSection.jsx": {
    "path": "/Users/cesaraugustovargas/Git-projects/registro_gastos_front/src/components/dashboard/EstimadoVsRealSection.jsx",
    "statementMap": {
      "0": { "start": { "line": 6, "column": 2 }, "end": { "line": 182, "column": 4 } },
      "1": { "start": { "line": 34, "column": 32 }, "end": { "line": 34, "column": 60 } },
      "2": { "start": { "line": 35, "column": 35 }, "end": { "line": 35, "column": 56 } },
      "3": { "start": { "line": 36, "column": 40 }, "end": { "line": 39, "column": 15 } },
      "4": { "start": { "line": 37, "column": 34 }, "end": { "line": 37, "column": 78 } },
      "5": { "start": { "line": 40, "column": 14 }, "end": { "line": 93, "column": 17 } },
      "6": { "start": { "line": 41, "column": 40 }, "end": { "line": 41, "column": 57 } },
      "7": { "start": { "line": 42, "column": 39 }, "end": { "line": 46, "column": 18 } },
      "8": { "start": { "line": 47, "column": 33 }, "end": { "line": 47, "column": 78 } },
      "9": { "start": { "line": 48, "column": 16 }, "end": { "line": 92, "column": 18 } },
      "10": { "start": { "line": 101, "column": 59 }, "end": { "line": 101, "column": 96 } },
      "11": { "start": { "line": 106, "column": 59 }, "end": { "line": 106, "column": 92 } },
      "12": { "start": { "line": 111, "column": 59 }, "end": { "line": 111, "column": 91 } },
      "13": { "start": { "line": 116, "column": 59 }, "end": { "line": 116, "column": 95 } },
      "14": { "start": { "line": 121, "column": 59 }, "end": { "line": 121, "column": 91 } },
      "15": { "start": { "line": 126, "column": 59 }, "end": { "line": 126, "column": 90 } },
      "16": { "start": { "line": 131, "column": 59 }, "end": { "line": 131, "column": 96 } },
      "17": { "start": { "line": 137, "column": 32 }, "end": { "line": 137, "column": 70 } },
      "18": { "start": { "line": 144, "column": 59 }, "end": { "line": 144, "column": 95 } },
      "19": { "start": { "line": 150, "column": 32 }, "end": { "line": 150, "column": 71 } },
      "20": { "start": { "line": 157, "column": 59 }, "end": { "line": 157, "column": 94 } },
      "21": { "start": { "line": 163, "column": 32 }, "end": { "line": 163, "column": 72 } },
      "22": { "start": { "line": 171, "column": 32 }, "end": { "line": 171, "column": 70 } }
    },
    "fnMap": {
      "0": {
        "name": "EstimadoVsRealSection",
        "decl": { "start": { "line": 5, "column": 24 }, "end": { "line": 5, "column": 45 } },
        "loc": { "start": { "line": 5, "column": 80 }, "end": { "line": 183, "column": 1 } },
        "line": 5
      },
      "1": {
        "name": "(anonymous_1)",
        "decl": { "start": { "line": 33, "column": 14 }, "end": { "line": 33, "column": 15 } },
        "loc": { "start": { "line": 33, "column": 20 }, "end": { "line": 94, "column": 13 } },
        "line": 33
      },
      "2": {
        "name": "(anonymous_2)",
        "decl": { "start": { "line": 37, "column": 16 }, "end": { "line": 37, "column": 17 } },
        "loc": { "start": { "line": 37, "column": 34 }, "end": { "line": 37, "column": 78 } },
        "line": 37
      },
      "3": {
        "name": "(anonymous_3)",
        "decl": { "start": { "line": 40, "column": 47 }, "end": { "line": 40, "column": 48 } },
        "loc": { "start": { "line": 40, "column": 59 }, "end": { "line": 93, "column": 15 } },
        "line": 40
      },
      "4": {
        "name": "(anonymous_4)",
        "decl": { "start": { "line": 101, "column": 47 }, "end": { "line": 101, "column": 48 } },
        "loc": { "start": { "line": 101, "column": 59 }, "end": { "line": 101, "column": 96 } },
        "line": 101
      },
      "5": {
        "name": "(anonymous_5)",
        "decl": { "start": { "line": 106, "column": 47 }, "end": { "line": 106, "column": 48 } },
        "loc": { "start": { "line": 106, "column": 59 }, "end": { "line": 106, "column": 92 } },
        "line": 106
      },
      "6": {
        "name": "(anonymous_6)",
        "decl": { "start": { "line": 111, "column": 47 }, "end": { "line": 111, "column": 48 } },
        "loc": { "start": { "line": 111, "column": 59 }, "end": { "line": 111, "column": 91 } },
        "line": 111
      },
      "7": {
        "name": "(anonymous_7)",
        "decl": { "start": { "line": 116, "column": 47 }, "end": { "line": 116, "column": 48 } },
        "loc": { "start": { "line": 116, "column": 59 }, "end": { "line": 116, "column": 95 } },
        "line": 116
      },
      "8": {
        "name": "(anonymous_8)",
        "decl": { "start": { "line": 121, "column": 47 }, "end": { "line": 121, "column": 48 } },
        "loc": { "start": { "line": 121, "column": 59 }, "end": { "line": 121, "column": 91 } },
        "line": 121
      },
      "9": {
        "name": "(anonymous_9)",
        "decl": { "start": { "line": 126, "column": 47 }, "end": { "line": 126, "column": 48 } },
        "loc": { "start": { "line": 126, "column": 59 }, "end": { "line": 126, "column": 90 } },
        "line": 126
      },
      "10": {
        "name": "(anonymous_10)",
        "decl": { "start": { "line": 131, "column": 47 }, "end": { "line": 131, "column": 48 } },
        "loc": { "start": { "line": 131, "column": 59 }, "end": { "line": 131, "column": 96 } },
        "line": 131
      },
      "11": {
        "name": "(anonymous_11)",
        "decl": { "start": { "line": 137, "column": 20 }, "end": { "line": 137, "column": 21 } },
        "loc": { "start": { "line": 137, "column": 32 }, "end": { "line": 137, "column": 70 } },
        "line": 137
      },
      "12": {
        "name": "(anonymous_12)",
        "decl": { "start": { "line": 144, "column": 47 }, "end": { "line": 144, "column": 48 } },
        "loc": { "start": { "line": 144, "column": 59 }, "end": { "line": 144, "column": 95 } },
        "line": 144
      },
      "13": {
        "name": "(anonymous_13)",
        "decl": { "start": { "line": 150, "column": 20 }, "end": { "line": 150, "column": 21 } },
        "loc": { "start": { "line": 150, "column": 32 }, "end": { "line": 150, "column": 71 } },
        "line": 150
      },
      "14": {
        "name": "(anonymous_14)",
        "decl": { "start": { "line": 157, "column": 47 }, "end": { "line": 157, "column": 48 } },
        "loc": { "start": { "line": 157, "column": 59 }, "end": { "line": 157, "column": 94 } },
        "line": 157
      },
      "15": {
        "name": "(anonymous_15)",
        "decl": { "start": { "line": 163, "column": 20 }, "end": { "line": 163, "column": 21 } },
        "loc": { "start": { "line": 163, "column": 32 }, "end": { "line": 163, "column": 72 } },
        "line": 163
      },
      "16": {
        "name": "(anonymous_16)",
        "decl": { "start": { "line": 171, "column": 20 }, "end": { "line": 171, "column": 21 } },
        "loc": { "start": { "line": 171, "column": 32 }, "end": { "line": 171, "column": 70 } },
        "line": 171
      }
    },
    "branchMap": {
      "0": {
        "loc": { "start": { "line": 37, "column": 34 }, "end": { "line": 37, "column": 78 } },
        "type": "cond-expr",
        "locations": [
          { "start": { "line": 37, "column": 69 }, "end": { "line": 37, "column": 72 } },
          { "start": { "line": 37, "column": 75 }, "end": { "line": 37, "column": 78 } }
        ],
        "line": 37
      },
      "1": {
        "loc": { "start": { "line": 37, "column": 41 }, "end": { "line": 37, "column": 61 } },
        "type": "binary-expr",
        "locations": [
          { "start": { "line": 37, "column": 41 }, "end": { "line": 37, "column": 56 } },
          { "start": { "line": 37, "column": 60 }, "end": { "line": 37, "column": 61 } }
        ],
        "line": 37
      },
      "2": {
        "loc": { "start": { "line": 43, "column": 18 }, "end": { "line": 45, "column": 24 } },
        "type": "cond-expr",
        "locations": [
          { "start": { "line": 44, "column": 22 }, "end": { "line": 44, "column": 38 } },
          { "start": { "line": 45, "column": 22 }, "end": { "line": 45, "column": 24 } }
        ],
        "line": 43
      },
      "3": {
        "loc": { "start": { "line": 43, "column": 18 }, "end": { "line": 43, "column": 77 } },
        "type": "binary-expr",
        "locations": [
          { "start": { "line": 43, "column": 18 }, "end": { "line": 43, "column": 41 } },
[...]
        "line": 59
      },
      "3": {
        "loc": { "start": { "line": 60, "column": 61 }, "end": { "line": 60, "column": 75 } },
        "type": "binary-expr",
        "locations": [
          { "start": { "line": 60, "column": 61 }, "end": { "line": 60, "column": 70 } },
          { "start": { "line": 60, "column": 74 }, "end": { "line": 60, "column": 75 } }
        ],
        "line": 60
      },
      "4": {
        "loc": { "start": { "line": 65, "column": 21 }, "end": { "line": 72, "column": 28 } },
        "type": "cond-expr",
        "locations": [
          { "start": { "line": 66, "column": 24 }, "end": { "line": 66, "column": 31 } },
          { "start": { "line": 67, "column": 24 }, "end": { "line": 72, "column": 28 } }
        ],
        "line": 65
      },
      "5": {
        "loc": { "start": { "line": 67, "column": 24 }, "end": { "line": 72, "column": 28 } },
        "type": "cond-expr",
        "locations": [
          { "start": { "line": 68, "column": 26 }, "end": { "line": 71, "column": 30 } },
          { "start": { "line": 72, "column": 26 }, "end": { "line": 72, "column": 28 } }
        ],
        "line": 67
      }
    },
    "s": {
      "0": 1,
      "1": 1,
      "2": 1,
      "3": 0,
      "4": 0,
      "5": 0,
      "6": 0,
      "7": 0,
      "8": 0,
      "9": 0,
      "10": 0,
      "11": 0
    },
    "f": { "0": 1, "1": 0, "2": 0, "3": 0, "4": 0, "5": 0, "6": 0 },
    "b": { "0": [0, 0], "1": [0, 0], "2": [0, 0], "3": [0, 0], "4": [0, 0], "5": [0, 0] },
    "_coverageSchema": "1a1c01bbd47fc00a2c39e90264f33305004495a9",
    "hash": "0e3b8c32a7389d9bf232e22b2db8c2944f934e1c"
  },
  "/Users/cesaraugustovargas/Git-projects/registro_gastos_front/src/components/dashboard/TotalesCategoriaSection.jsx": {
    "path": "/Users/cesaraugustovargas/Git-projects/registro_gastos_front/src/components/dashboard/TotalesCategoriaSection.jsx",
    "statementMap": {
      "0": { "start": { "line": 6, "column": 2 }, "end": { "line": 30, "column": 4 } },
      "1": { "start": { "line": 21, "column": 14 }, "end": { "line": 24, "column": 19 } }
    },
    "fnMap": {
      "0": {
        "name": "TotalesCategoriaSection",
        "decl": { "start": { "line": 5, "column": 24 }, "end": { "line": 5, "column": 47 } },
        "loc": { "start": { "line": 5, "column": 70 }, "end": { "line": 31, "column": 1 } },
        "line": 5
      },
      "1": {
        "name": "(anonymous_1)",
        "decl": { "start": { "line": 20, "column": 34 }, "end": { "line": 20, "column": 35 } },
        "loc": { "start": { "line": 21, "column": 14 }, "end": { "line": 24, "column": 19 } },
        "line": 21
      }
    },
    "branchMap": {},
    "s": { "0": 1, "1": 0 },
    "f": { "0": 1, "1": 0 },
    "b": {},
    "_coverageSchema": "1a1c01bbd47fc00a2c39e90264f33305004495a9",
    "hash": "f9ea2e6b0101ac2b3f344dd73cde7f2cb54b9035"
  },
  "/Users/cesaraugustovargas/Git-projects/registro_gastos_front/src/hooks/useDashboardData.js": {
    "path": "/Users/cesaraugustovargas/Git-projects/registro_gastos_front/src/hooks/useDashboardData.js",
    "statementMap": {
      "0": { "start": { "line": 5, "column": 33 }, "end": { "line": 15, "column": 1 } },
      "1": { "start": { "line": 6, "column": 2 }, "end": { "line": 8, "column": 3 } },
      "2": { "start": { "line": 7, "column": 4 }, "end": { "line": 7, "column": 53 } },
      "3": { "start": { "line": 10, "column": 25 }, "end": { "line": 10, "column": 94 } },
      "4": { "start": { "line": 10, "column": 50 }, "end": { "line": 10, "column": 93 } },
      "5": { "start": { "line": 11, "column": 28 }, "end": { "line": 11, "column": 48 } },
      "6": { "start": { "line": 12, "column": 24 }, "end": { "line": 12, "column": 80 } },
      "7": { "start": { "line": 12, "column": 67 }, "end": { "line": 12, "column": 78 } },
      "8": { "start": { "line": 14, "column": 2 }, "end": { "line": 14, "column": 43 } },
      "9": { "start": { "line": 18, "column": 46 }, "end": { "line": 18, "column": 58 } },
      "10": { "start": { "line": 19, "column": 44 }, "end": { "line": 19, "column": 56 } },
      "11": { "start": { "line": 20, "column": 42 }, "end": { "line": 20, "column": 54 } },
      "12": { "start": { "line": 21, "column": 40 }, "end": { "line": 21, "column": 52 } },
      "13": { "start": { "line": 22, "column": 60 }, "end": { "line": 22, "column": 72 } },
      "14": { "start": { "line": 23, "column": 50 }, "end": { "line": 23, "column": 62 } },
      "15": { "start": { "line": 24, "column": 28 }, "end": { "line": 24, "column": 40 } },
      "16": { "start": { "line": 25, "column": 34 }, "end": { "line": 25, "column": 46 } },
      "17": { "start": { "line": 27, "column": 38 }, "end": { "line": 33, "column": 8 } },
      "18": { "start": { "line": 28, "column": 46 }, "end": { "line": 28, "column": 76 } },
      "19": { "start": { "line": 29, "column": 4 }, "end": { "line": 32, "column": 5 } },
      "20": { "start": { "line": 30, "column": 6 }, "end": { "line": 30, "column": 31 } },
      "21": { "start": { "line": 31, "column": 6 }, "end": { "line": 31, "column": 33 } },
      "22": { "start": { "line": 35, "column": 29 }, "end": { "line": 51, "column": 35 } },
      "23": { "start": { "line": 36, "column": 4 }, "end": { "line": 36, "column": 56 } },
      "24": { "start": { "line": 37, "column": 4 }, "end": { "line": 37, "column": 54 } },
      "25": { "start": { "line": 38, "column": 4 }, "end": { "line": 38, "column": 61 } },
      "26": { "start": { "line": 39, "column": 4 }, "end": { "line": 39, "column": 56 } },
      "27": { "start": { "line": 40, "column": 4 }, "end": { "line": 40, "column": 72 } },
      "28": { "start": { "line": 42, "column": 4 }, "end": { "line": 46, "column": 9 } },
      "29": { "start": { "line": 45, "column": 8 }, "end": { "line": 45, "column": 69 } },
      "30": { "start": { "line": 48, "column": 4 }, "end": { "line": 50, "column": 68 } },
      "31": { "start": { "line": 50, "column": 22 }, "end": { "line": 50, "column": 66 } },
      "32": { "start": { "line": 53, "column": 2 }, "end": { "line": 55, "column": 27 } },
      "33": { "start": { "line": 54, "column": 4 }, "end": { "line": 54, "column": 25 } },
      "34": { "start": { "line": 57, "column": 31 }, "end": { "line": 68, "column": 19 } },
      "35": { "start": { "line": 58, "column": 4 }, "end": { "line": 67, "column": 11 } },
      "36": { "start": { "line": 70, "column": 32 }, "end": { "line": 93, "column": 3 } },
      "37": { "start": { "line": 72, "column": 6 }, "end": { "line": 90, "column": 7 } },
      "38": { "start": { "line": 73, "column": 21 }, "end": { "line": 79, "column": 9 } },
      "39": { "start": { "line": 81, "column": 8 }, "end": { "line": 87, "column": 13 } },
      "40": { "start": { "line": 83, "column": 12 }, "end": { "line": 83, "column": 33 } },
      "41": { "start": { "line": 86, "column": 12 }, "end": { "line": 86, "column": 54 } },
      "42": { "start": { "line": 89, "column": 8 }, "end": { "line": 89, "column": 46 } },
      "43": { "start": { "line": 95, "column": 2 }, "end": { "line": 107, "column": 4 } }
    },
    "fnMap": {
      "0": {
        "name": "(anonymous_0)",
        "decl": { "start": { "line": 5, "column": 33 }, "end": { "line": 5, "column": 34 } },
        "loc": { "start": { "line": 5, "column": 43 }, "end": { "line": 15, "column": 1 } },
        "line": 5
      },
      "1": {
        "name": "(anonymous_1)",
        "decl": { "start": { "line": 10, "column": 40 }, "end": { "line": 10, "column": 41 } },
        "loc": { "start": { "line": 10, "column": 50 }, "end": { "line": 10, "column": 93 } },
        "line": 10
      },
      "2": {
        "name": "(anonymous_2)",
        "decl": { "start": { "line": 12, "column": 60 }, "end": { "line": 12, "column": 61 } },
        "loc": { "start": { "line": 12, "column": 67 }, "end": { "line": 12, "column": 78 } },
        "line": 12
      },
      "3": {
        "name": "useDashboardData",
        "decl": { "start": { "line": 17, "column": 24 }, "end": { "line": 17, "column": 40 } },
        "loc": { "start": { "line": 17, "column": 43 }, "end": { "line": 108, "column": 1 } },
        "line": 17
      },
      "4": {
        "name": "(anonymous_4)",
        "decl": { "start": { "line": 27, "column": 50 }, "end": { "line": 27, "column": 51 } },
        "loc": { "start": { "line": 27, "column": 60 }, "end": { "line": 33, "column": 3 } },
        "line": 27
      },
      "5": {
        "name": "(anonymous_5)",
        "decl": { "start": { "line": 35, "column": 41 }, "end": { "line": 35, "column": 42 } },
        "loc": { "start": { "line": 35, "column": 47 }, "end": { "line": 51, "column": 3 } },
        "line": 35
      },
      "6": {
        "name": "(anonymous_6)",
        "decl": { "start": { "line": 44, "column": 13 }, "end": { "line": 44, "column": 14 } },
        "loc": { "start": { "line": 44, "column": 22 }, "end": { "line": 46, "column": 7 } },
        "line": 44
      },
      "7": {
        "name": "(anonymous_7)",
        "decl": { "start": { "line": 50, "column": 13 }, "end": { "line": 50, "column": 14 } },
        "loc": { "start": { "line": 50, "column": 22 }, "end": { "line": 50, "column": 66 } },
        "line": 50
      },
      "8": {
        "name": "(anonymous_8)",
        "decl": { "start": { "line": 53, "column": 12 }, "end": { "line": 53, "column": 13 } },
        "loc": { "start": { "line": 53, "column": 18 }, "end": { "line": 55, "column": 3 } },
        "line": 53
      },
      "9": {
        "name": "(anonymous_9)",
        "decl": { "start": { "line": 57, "column": 39 }, "end": { "line": 57, "column": 40 } },
        "loc": { "start": { "line": 57, "column": 45 }, "end": { "line": 68, "column": 3 } },
        "line": 57
      },
      "10": {
        "name": "(anonymous_10)",
        "decl": { "start": { "line": 71, "column": 4 }, "end": { "line": 71, "column": 5 } },
        "loc": { "start": { "line": 71, "column": 19 }, "end": { "line": 91, "column": 5 } },
        "line": 71
      },
      "11": {
        "name": "(anonymous_11)",
        "decl": { "start": { "line": 82, "column": 16 }, "end": { "line": 82, "column": 17 } },
        "loc": { "start": { "line": 82, "column": 22 }, "end": { "line": 84, "column": 11 } },
        "line": 82
      },
      "12": {
        "name": "(anonymous_12)",
        "decl": { "start": { "line": 85, "column": 17 }, "end": { "line": 85, "column": 18 } },
        "loc": { "start": { "line": 85, "column": 23 }, "end": { "line": 87, "column": 11 } },
        "line": 85
      }
    },
    "branchMap": {
      "0": {
        "loc": { "start": { "line": 6, "column": 2 }, "end": { "line": 8, "column": 3 } },
        "type": "if",
        "locations": [
          { "start": { "line": 6, "column": 2 }, "end": { "line": 8, "column": 3 } },
          { "start": {}, "end": {} }
        ],
        "line": 6
      },
      "1": {
        "loc": { "start": { "line": 29, "column": 4 }, "end": { "line": 32, "column": 5 } },
        "type": "if",
        "locations": [
          { "start": { "line": 29, "column": 4 }, "end": { "line": 32, "column": 5 } },
          { "start": {}, "end": {} }
        ],
        "line": 29
      },
      "2": {
        "loc": { "start": { "line": 58, "column": 11 }, "end": { "line": 67, "column": 10 } },
        "type": "cond-expr",
        "locations": [
          { "start": { "line": 59, "column": 8 }, "end": { "line": 66, "column": 9 } },
          { "start": { "line": 67, "column": 8 }, "end": { "line": 67, "column": 10 } }
        ],
        "line": 58
      },
      "3": {
        "loc": { "start": { "line": 62, "column": 21 }, "end": { "line": 62, "column": 65 } },
        "type": "binary-expr",
        "locations": [
          { "start": { "line": 62, "column": 21 }, "end": { "line": 62, "column": 60 } },
          { "start": { "line": 62, "column": 64 }, "end": { "line": 62, "column": 65 } }
        ],
        "line": 62
      },
      "4": {
        "loc": { "start": { "line": 63, "column": 21 }, "end": { "line": 63, "column": 52 } },
        "type": "binary-expr",
        "locations": [
          { "start": { "line": 63, "column": 21 }, "end": { "line": 63, "column": 47 } },
          { "start": { "line": 63, "column": 51 }, "end": { "line": 63, "column": 52 } }
        ],
        "line": 63
      },
      "5": {
        "loc": { "start": { "line": 72, "column": 6 }, "end": { "line": 90, "column": 7 } },
        "type": "if",
        "locations": [
          { "start": { "line": 72, "column": 6 }, "end": { "line": 90, "column": 7 } },
          { "start": { "line": 88, "column": 13 }, "end": { "line": 90, "column": 7 } }
        ],
        "line": 72
      }
    },
    "s": {
      "0": 1,
      "1": 1,
      "2": 1,
      "3": 0,
      "4": 0,
      "5": 0,
      "6": 0,
      "7": 0,
      "8": 0,
      "9": 2,
      "10": 1,
      "11": 1,
      "12": 1,
      "13": 1,
      "14": 1,
      "15": 1,
      "16": 1,
      "17": 1,
      "18": 1,
      "19": 1,
      "20": 0,
      "21": 0,
      "22": 1,
      "23": 1,
      "24": 1,
      "25": 1,
      "26": 1,
      "27": 1,
      "28": 1,
      "29": 0,
      "30": 1,
      "31": 0,
      "32": 1,
      "33": 1,
      "34": 1,
      "35": 1,
      "36": 1,
      "37": 0,
      "38": 0,
      "39": 0,
      "40": 0,
      "41": 0,
      "42": 0,
      "43": 1
    },
    "f": {
      "0": 1,
      "1": 0,
      "2": 0,
      "3": 2,
      "4": 1,
      "5": 1,
      "6": 0,
      "7": 0,
      "8": 1,
      "9": 1,
      "10": 0,
      "11": 0,
      "12": 0
    },
    "b": { "0": [1, 0], "1": [0, 1], "2": [0, 1], "3": [0, 0], "4": [0, 0], "5": [0, 0] },
    "_coverageSchema": "1a1c01bbd47fc00a2c39e90264f33305004495a9",
    "hash": "3128653ffbb8fe27cc464eec49abfdf7a121513f"
  },
  "/Users/cesaraugustovargas/Git-projects/registro_gastos_front/src/utils/api.js": {
    "path": "/Users/cesaraugustovargas/Git-projects/registro_gastos_front/src/utils/api.js",
    "statementMap": {
      "0": { "start": { "line": 3, "column": 24 }, "end": { "line": 3, "column": 50 } },
      "1": { "start": { "line": 5, "column": 23 }, "end": { "line": 5, "column": 88 } },
      "2": { "start": { "line": 5, "column": 33 }, "end": { "line": 5, "column": 88 } },
      "3": { "start": { "line": 5, "column": 79 }, "end": { "line": 5, "column": 87 } },
      "4": { "start": { "line": 7, "column": 24 }, "end": { "line": 8, "column": 67 } },
      "5": { "start": { "line": 8, "column": 2 }, "end": { "line": 8, "column": 67 } },
      "6": { "start": { "line": 8, "column": 58 }, "end": { "line": 8, "column": 66 } }
    },
    "fnMap": {
      "0": {
        "name": "(anonymous_0)",
        "decl": { "start": { "line": 5, "column": 23 }, "end": { "line": 5, "column": 24 } },
        "loc": { "start": { "line": 5, "column": 33 }, "end": { "line": 5, "column": 88 } },
        "line": 5
      },
      "1": {
        "name": "(anonymous_1)",
        "decl": { "start": { "line": 5, "column": 70 }, "end": { "line": 5, "column": 71 } },
        "loc": { "start": { "line": 5, "column": 79 }, "end": { "line": 5, "column": 87 } },
        "line": 5
      },
      "2": {
        "name": "(anonymous_2)",
        "decl": { "start": { "line": 7, "column": 24 }, "end": { "line": 7, "column": 25 } },
        "loc": { "start": { "line": 8, "column": 2 }, "end": { "line": 8, "column": 67 } },
        "line": 8
      },
      "3": {
        "name": "(anonymous_3)",
        "decl": { "start": { "line": 8, "column": 49 }, "end": { "line": 8, "column": 50 } },
        "loc": { "start": { "line": 8, "column": 58 }, "end": { "line": 8, "column": 66 } },
        "line": 8
      }
    },
    "branchMap": {},
    "s": { "0": 2, "1": 2, "2": 8, "3": 8, "4": 2, "5": 0, "6": 0 },
    "f": { "0": 8, "1": 8, "2": 0, "3": 0 },
    "b": {},
    "_coverageSchema": "1a1c01bbd47fc00a2c39e90264f33305004495a9",
    "hash": "aa67e45a5dd21834d1531c3dcf619fc67b671d2f"
  },
  "/Users/cesaraugustovargas/Git-projects/registro_gastos_front/src/utils/dashboardMaps.js": {
    "path": "/Users/cesaraugustovargas/Git-projects/registro_gastos_front/src/utils/dashboardMaps.js",
    "statementMap": {
      "0": { "start": { "line": 2, "column": 2 }, "end": { "line": 2, "column": 21 } },
      "1": { "start": { "line": 14, "column": 23 }, "end": { "line": 24, "column": 1 } },
      "2": { "start": { "line": 26, "column": 24 }, "end": { "line": 41, "column": 1 } }
    },
    "fnMap": {
      "0": {
        "name": "mapDashboardData",
        "decl": { "start": { "line": 1, "column": 16 }, "end": { "line": 1, "column": 32 } },
        "loc": { "start": { "line": 1, "column": 39 }, "end": { "line": 3, "column": 1 } },
        "line": 1
      }
    },
    "branchMap": {},
    "s": { "0": 1, "1": 2, "2": 2 },
    "f": { "0": 1 },
    "b": {},
    "_coverageSchema": "1a1c01bbd47fc00a2c39e90264f33305004495a9",
    "hash": "028578222085b46c36200515498cf7843b61aca7"
  },
  "/Users/cesaraugustovargas/Git-projects/registro_gastos_front/src/utils/format.js": {
    "path": "/Users/cesaraugustovargas/Git-projects/registro_gastos_front/src/utils/format.js",
    "statementMap": {
      "0": { "start": { "line": 4, "column": 2 }, "end": { "line": 4, "column": 45 } },
      "1": { "start": { "line": 8, "column": 30 }, "end": { "line": 8, "column": 44 } },
      "2": { "start": { "line": 11, "column": 12 }, "end": { "line": 11, "column": 27 } },
      "3": { "start": { "line": 12, "column": 2 }, "end": { "line": 12, "column": 39 } }
    },
    "fnMap": {
      "0": {
        "name": "formateaMoneda",
        "decl": { "start": { "line": 3, "column": 16 }, "end": { "line": 3, "column": 30 } },
        "loc": { "start": { "line": 3, "column": 38 }, "end": { "line": 5, "column": 1 } },
        "line": 3
      },
      "1": {
        "name": "formateaFecha",
        "decl": { "start": { "line": 10, "column": 16 }, "end": { "line": 10, "column": 29 } },
        "loc": { "start": { "line": 10, "column": 37 }, "end": { "line": 13, "column": 1 } },
        "line": 10
      }
    },
    "branchMap": {
      "0": {
        "loc": { "start": { "line": 4, "column": 20 }, "end": { "line": 4, "column": 30 } },
        "type": "binary-expr",
        "locations": [
          { "start": { "line": 4, "column": 20 }, "end": { "line": 4, "column": 25 } },
          { "start": { "line": 4, "column": 29 }, "end": { "line": 4, "column": 30 } }
        ],
        "line": 4
      }
    },
    "s": { "0": 38, "1": 2, "2": 1, "3": 1 },
    "f": { "0": 38, "1": 1 },
    "b": { "0": [38, 0] },
    "_coverageSchema": "1a1c01bbd47fc00a2c39e90264f33305004495a9",
    "hash": "dd2b301f038451825a2158525bb6b4953806489d"
  },
  "/Users/cesaraugustovargas/Git-projects/registro_gastos_front/src/utils/meses.js": {
    "path": "/Users/cesaraugustovargas/Git-projects/registro_gastos_front/src/utils/meses.js",
    "statementMap": {
      "0": { "start": { "line": 1, "column": 21 }, "end": { "line": 14, "column": 1 } },
      "1": { "start": { "line": 17, "column": 2 }, "end": { "line": 17, "column": 30 } }
    },
    "fnMap": {
      "0": {
        "name": "obtenerMesNombre",
        "decl": { "start": { "line": 16, "column": 16 }, "end": { "line": 16, "column": 32 } },
        "loc": { "start": { "line": 16, "column": 38 }, "end": { "line": 18, "column": 1 } },
        "line": 16
      }
    },
    "branchMap": {
      "0": {
        "loc": { "start": { "line": 17, "column": 9 }, "end": { "line": 17, "column": 29 } },
        "type": "binary-expr",
        "locations": [
          { "start": { "line": 17, "column": 9 }, "end": { "line": 17, "column": 23 } },
          { "start": { "line": 17, "column": 27 }, "end": { "line": 17, "column": 29 } }
        ],
        "line": 17
      }
    },
    "s": { "0": 2, "1": 1 },
    "f": { "0": 1 },
    "b": { "0": [1, 0] },
    "_coverageSchema": "1a1c01bbd47fc00a2c39e90264f33305004495a9",
    "hash": "9698c1cfc95385db4ca707a496642c6a445694c7"
  }
}
