TN:
SF:src/Dashboard.jsx
FN:33,Dashboard
FNF:1
FNH:1
FNDA:2,Dashboard
DA:22,1
DA:45,2
DA:47,1
LF:3
LH:3
BRF:0
BRH:0
end_of_record
TN:
SF:src/FiltroCategorias.jsx
FN:4,FiltroCategorias
FN:7,(anonymous_1)
FN:9,(anonymous_2)
FN:10,(anonymous_3)
FN:17,(anonymous_4)
FN:20,(anonymous_5)
FNF:6
FNH:3
FNDA:1,FiltroCategorias
FNDA:1,(anonymous_1)
FNDA:1,(anonymous_2)
FNDA:0,(anonymous_3)
FNDA:0,(anonymous_4)
FNDA:0,(anonymous_5)
DA:5,1
DA:7,1
DA:8,1
DA:9,1
DA:10,0
DA:13,1
DA:17,0
DA:21,0
LF:8
LH:5
BRDA:4,0,0,0
BRF:1
BRH:0
end_of_record
TN:
SF:src/GastosForm.jsx
FN:5,GastosForm
FN:14,(anonymous_1)
FN:22,(anonymous_2)
FN:33,(anonymous_3)
FN:75,formatoFechaInput
FN:98,(anonymous_5)
FN:105,(anonymous_6)
FN:111,(anonymous_7)
FN:119,(anonymous_8)
FNF:9
FNH:8
FNDA:26,GastosForm
FNDA:1,(anonymous_1)
FNDA:8,(anonymous_2)
FNDA:4,(anonymous_3)
FNDA:4,formatoFechaInput
FNDA:4,(anonymous_5)
FNDA:2,(anonymous_6)
FNDA:2,(anonymous_7)
FNDA:0,(anonymous_8)
DA:6,26
DA:7,26
DA:8,26
DA:9,26
DA:10,26
DA:11,26
DA:12,26
DA:14,26
DA:15,1
DA:16,1
DA:17,1
DA:18,1
DA:19,1
DA:22,26
DA:23,8
DA:24,2
DA:25,2
DA:26,2
DA:27,2
DA:28,2
DA:29,2
DA:33,26
DA:34,4
DA:35,4
DA:36,4
DA:37,4
DA:38,1
DA:39,1
DA:42,3
DA:43,3
DA:44,1
DA:45,1
DA:46,1
DA:54,2
DA:55,2
DA:63,1
DA:64,1
DA:67,2
DA:68,2
DA:70,1
DA:71,1
DA:76,4
DA:77,4
DA:78,4
DA:79,4
DA:81,26
DA:98,4
DA:105,2
DA:111,2
DA:119,0
LF:50
LH:49
BRDA:5,0,0,26
BRDA:23,1,0,2
BRDA:23,1,1,6
BRDA:25,2,0,2
BRDA:25,2,1,0
BRDA:26,3,0,2
BRDA:26,3,1,0
BRDA:27,4,0,2
BRDA:27,4,1,0
BRDA:28,5,0,2
BRDA:28,5,1,0
BRDA:29,6,0,2
BRDA:29,6,1,0
BRDA:37,7,0,1
BRDA:37,7,1,3
BRDA:37,8,0,4
BRDA:37,8,1,3
BRDA:37,8,2,3
BRDA:37,8,3,3
BRDA:43,9,0,1
BRDA:43,9,1,2
BRDA:51,10,0,1
BRDA:51,10,1,0
BRDA:60,11,0,2
BRDA:60,11,1,2
BRDA:67,12,0,0
BRDA:67,12,1,2
BRDA:68,13,0,0
BRDA:68,13,1,2
BRDA:76,14,0,0
BRDA:76,14,1,4
BRDA:83,15,0,0
BRDA:83,15,1,26
BRDA:85,16,0,0
BRDA:85,16,1,26
BRDA:87,17,0,6
BRDA:87,17,1,20
BRDA:90,18,0,26
BRDA:90,18,1,2
BRDA:91,19,0,26
BRDA:91,19,1,1
BRF:41
BRH:30
end_of_record
TN:
SF:src/Login.jsx
FN:3,Login
FN:7,(anonymous_1)
FN:26,(anonymous_2)
FN:33,(anonymous_3)
FNF:4
FNH:1
FNDA:1,Login
FNDA:0,(anonymous_1)
FNDA:0,(anonymous_2)
FNDA:0,(anonymous_3)
DA:4,1
DA:5,1
DA:7,1
DA:8,0
DA:10,0
DA:11,0
DA:12,0
DA:14,0
DA:18,1
DA:26,0
DA:33,0
LF:11
LH:4
BRDA:10,0,0,0
BRDA:10,0,1,0
BRDA:10,1,0,0
BRDA:10,1,1,0
BRF:4
BRH:0
end_of_record
TN:
SF:src/MesesTable.jsx
FN:6,(anonymous_0)
FN:14,MesesTable
FN:50,(anonymous_2)
FN:53,(anonymous_3)
FN:59,(anonymous_4)
FN:65,(anonymous_5)
FN:69,(anonymous_6)
FN:70,(anonymous_7)
FN:77,(anonymous_8)
FN:81,(anonymous_9)
FN:87,(anonymous_10)
FN:130,(anonymous_11)
FN:143,(anonymous_12)
FN:145,(anonymous_13)
FN:157,(anonymous_14)
FNF:15
FNH:6
FNDA:0,(anonymous_0)
FNDA:2,MesesTable
FNDA:1,(anonymous_2)
FNDA:1,(anonymous_3)
FNDA:0,(anonymous_4)
FNDA:1,(anonymous_5)
FNDA:0,(anonymous_6)
FNDA:0,(anonymous_7)
FNDA:1,(anonymous_8)
FNDA:0,(anonymous_9)
FNDA:0,(anonymous_10)
FNDA:6,(anonymous_11)
FNDA:0,(anonymous_12)
FNDA:0,(anonymous_13)
FNDA:0,(anonymous_14)
DA:4,1
DA:6,1
DA:7,0
DA:8,0
DA:9,0
DA:10,0
DA:11,0
DA:15,2
DA:16,1
DA:17,1
DA:18,1
DA:19,1
DA:21,1
DA:50,1
DA:51,1
DA:54,1
DA:55,1
DA:56,1
DA:57,1
DA:60,0
DA:61,0
DA:65,1
DA:66,1
DA:69,1
DA:70,0
DA:71,0
DA:72,0
DA:73,0
DA:77,1
DA:78,1
DA:81,1
DA:82,0
DA:83,0
DA:84,0
DA:86,0
DA:87,0
DA:95,0
DA:96,0
DA:97,0
DA:99,0
DA:100,0
DA:102,0
DA:106,1
DA:131,6
DA:144,0
DA:146,0
DA:157,0
LF:47
LH:22
BRDA:7,0,0,0
BRDA:7,0,1,0
BRDA:7,1,0,0
BRDA:7,1,1,0
BRDA:9,2,0,0
BRDA:9,2,1,0
BRDA:11,3,0,0
BRDA:11,3,1,0
BRDA:111,4,0,1
BRDA:111,4,1,0
BRDA:112,5,0,1
BRDA:112,5,1,0
BRDA:115,6,0,1
BRDA:115,6,1,0
BRDA:117,7,0,0
BRDA:117,7,1,1
BRDA:117,8,0,1
BRDA:117,8,1,0
BRDA:122,9,0,0
BRDA:122,9,1,1
BRDA:134,10,0,5
BRDA:134,10,1,1
BRDA:149,11,0,0
BRDA:149,11,1,0
BRDA:152,12,0,0
BRDA:152,12,1,0
BRDA:156,13,0,0
BRDA:156,13,1,0
BRDA:166,14,0,1
BRDA:166,14,1,1
BRF:30
BRH:10
end_of_record
TN:
SF:src/TablaReportes.jsx
FN:7,TablaReportes
FN:31,(anonymous_1)
FN:35,(anonymous_2)
FN:38,(anonymous_3)
FN:39,(anonymous_4)
FN:42,(anonymous_5)
FN:47,(anonymous_6)
FN:58,(anonymous_7)
FN:59,(anonymous_8)
FN:67,(anonymous_9)
FN:80,(anonymous_10)
FN:81,(anonymous_11)
FN:85,(anonymous_12)
FN:90,(anonymous_13)
FN:92,(anonymous_14)
FN:99,(anonymous_15)
FN:118,(anonymous_16)
FN:121,(anonymous_17)
FN:126,(anonymous_18)
FN:131,(anonymous_19)
FN:141,(anonymous_20)
FN:148,(anonymous_21)
FN:164,(anonymous_22)
FN:167,(anonymous_23)
FN:177,(anonymous_24)
FN:193,(anonymous_25)
FN:200,(anonymous_26)
FN:223,(anonymous_27)
FN:226,(anonymous_28)
FN:245,(anonymous_29)
FN:267,(anonymous_30)
FN:268,(anonymous_31)
FNF:32
FNH:9
FNDA:2,TablaReportes
FNDA:1,(anonymous_1)
FNDA:1,(anonymous_2)
FNDA:1,(anonymous_3)
FNDA:0,(anonymous_4)
FNDA:0,(anonymous_5)
FNDA:0,(anonymous_6)
FNDA:1,(anonymous_7)
FNDA:0,(anonymous_8)
FNDA:0,(anonymous_9)
FNDA:1,(anonymous_10)
FNDA:0,(anonymous_11)
FNDA:1,(anonymous_12)
FNDA:0,(anonymous_13)
FNDA:0,(anonymous_14)
FNDA:0,(anonymous_15)
FNDA:0,(anonymous_16)
FNDA:0,(anonymous_17)
FNDA:0,(anonymous_18)
FNDA:4,(anonymous_19)
FNDA:0,(anonymous_20)
FNDA:0,(anonymous_21)
FNDA:6,(anonymous_22)
FNDA:0,(anonymous_23)
FNDA:0,(anonymous_24)
FNDA:0,(anonymous_25)
FNDA:0,(anonymous_26)
FNDA:0,(anonymous_27)
FNDA:0,(anonymous_28)
FNDA:0,(anonymous_29)
FNDA:0,(anonymous_30)
FNDA:0,(anonymous_31)
DA:8,2
DA:9,1
DA:10,1
DA:11,1
DA:12,1
DA:13,1
DA:14,1
DA:15,1
DA:16,1
DA:17,1
DA:18,1
DA:19,1
DA:20,1
DA:22,1
DA:31,1
DA:32,1
DA:35,1
DA:36,1
DA:38,1
DA:39,0
DA:42,1
DA:43,0
DA:44,0
DA:47,1
DA:48,0
DA:49,0
DA:50,0
DA:51,0
DA:52,0
DA:54,0
DA:58,1
DA:59,1
DA:60,0
DA:61,0
DA:62,0
DA:63,0
DA:64,0
DA:67,1
DA:68,0
DA:69,0
DA:70,0
DA:71,0
DA:72,0
DA:74,0
DA:75,0
DA:76,0
DA:80,1
DA:81,1
DA:82,1
DA:85,1
DA:86,1
DA:87,1
DA:90,1
DA:91,0
DA:92,0
DA:94,0
DA:95,0
DA:99,1
DA:100,0
DA:101,0
DA:102,0
DA:103,0
DA:104,0
DA:105,0
DA:108,1
DA:118,0
DA:121,0
DA:127,0
DA:128,0
DA:132,4
DA:141,0
DA:148,0
DA:165,6
DA:167,0
DA:178,0
DA:193,0
DA:200,0
DA:224,0
DA:226,0
DA:245,0
DA:267,0
DA:269,0
DA:270,0
LF:83
LH:35
BRDA:61,0,0,0
BRDA:61,0,1,0
BRDA:62,1,0,0
BRDA:62,1,1,0
BRDA:63,2,0,0
BRDA:63,2,1,0
BRDA:64,3,0,0
BRDA:64,3,1,0
BRDA:64,3,2,0
BRDA:64,3,3,0
BRDA:71,4,0,0
BRDA:71,4,1,0
BRDA:71,5,0,0
BRDA:71,5,1,0
BRDA:71,6,0,0
BRDA:71,6,1,0
BRDA:72,7,0,0
BRDA:72,7,1,0
BRDA:72,8,0,0
BRDA:72,8,1,0
BRDA:72,9,0,0
BRDA:72,9,1,0
BRDA:74,10,0,0
BRDA:74,10,1,0
BRDA:74,11,0,0
BRDA:74,11,1,0
BRDA:75,12,0,0
BRDA:75,12,1,0
BRDA:75,13,0,0
BRDA:75,13,1,0
BRDA:81,14,0,0
BRDA:81,14,1,0
BRDA:91,15,0,0
BRDA:91,15,1,0
BRDA:92,16,0,0
BRDA:92,16,1,0
BRDA:170,17,0,1
BRDA:170,17,1,5
BRDA:170,18,0,1
BRDA:170,18,1,0
BRDA:183,19,0,0
BRDA:183,19,1,0
BRDA:187,20,0,0
BRDA:187,20,1,0
BRDA:209,21,0,1
BRDA:209,21,1,1
BRDA:227,22,0,0
BRDA:227,22,1,0
BRDA:234,23,0,1
BRDA:234,23,1,0
BRDA:262,24,0,1
BRDA:262,24,1,0
BRF:52
BRH:7
end_of_record
TN:
SF:src/components/dashboard/ChartsSection.jsx
FN:5,ChartsSection
FN:14,(anonymous_1)
FN:18,(anonymous_2)
FN:40,(anonymous_3)
FN:44,(anonymous_4)
FN:50,(anonymous_5)
FN:56,(anonymous_6)
FNF:7
FNH:1
FNDA:1,ChartsSection
FNDA:0,(anonymous_1)
FNDA:0,(anonymous_2)
FNDA:0,(anonymous_3)
FNDA:0,(anonymous_4)
FNDA:0,(anonymous_5)
FNDA:0,(anonymous_6)
DA:6,1
DA:14,0
DA:18,0
DA:40,0
DA:44,0
DA:50,0
DA:56,0
LF:7
LH:1
BRF:0
BRH:0
end_of_record
TN:
SF:src/components/dashboard/EstimadoVsRealSection.jsx
FN:5,EstimadoVsRealSection
FN:33,(anonymous_1)
FN:37,(anonymous_2)
FN:40,(anonymous_3)
FN:101,(anonymous_4)
FN:106,(anonymous_5)
FN:111,(anonymous_6)
FN:116,(anonymous_7)
FN:121,(anonymous_8)
FN:126,(anonymous_9)
FN:131,(anonymous_10)
FN:137,(anonymous_11)
FN:144,(anonymous_12)
FN:150,(anonymous_13)
FN:157,(anonymous_14)
FN:163,(anonymous_15)
FN:171,(anonymous_16)
FNF:17
FNH:2
FNDA:1,EstimadoVsRealSection
FNDA:1,(anonymous_1)
FNDA:0,(anonymous_2)
FNDA:0,(anonymous_3)
FNDA:0,(anonymous_4)
FNDA:0,(anonymous_5)
FNDA:0,(anonymous_6)
FNDA:0,(anonymous_7)
FNDA:0,(anonymous_8)
FNDA:0,(anonymous_9)
FNDA:0,(anonymous_10)
FNDA:0,(anonymous_11)
FNDA:0,(anonymous_12)
FNDA:0,(anonymous_13)
FNDA:0,(anonymous_14)
FNDA:0,(anonymous_15)
FNDA:0,(anonymous_16)
DA:6,1
DA:34,1
DA:35,1
DA:36,1
DA:37,0
DA:40,1
DA:41,0
DA:42,0
DA:47,0
DA:48,0
DA:101,0
DA:106,0
DA:111,0
DA:116,0
DA:121,0
DA:126,0
DA:131,0
DA:137,0
DA:144,0
DA:150,0
DA:157,0
DA:163,0
DA:171,0
LF:23
LH:5
BRDA:37,0,0,0
BRDA:37,0,1,0
BRDA:37,1,0,0
BRDA:37,1,1,0
BRDA:43,2,0,0
BRDA:43,2,1,0
BRDA:43,3,0,0
BRDA:43,3,1,0
BRDA:43,4,0,0
BRDA:43,4,1,0
BRDA:47,5,0,0
BRDA:47,5,1,0
BRDA:101,6,0,0
BRDA:101,6,1,0
BRDA:106,7,0,0
BRDA:106,7,1,0
BRDA:111,8,0,0
BRDA:111,8,1,0
BRDA:116,9,0,0
BRDA:116,9,1,0
BRDA:121,10,0,0
BRDA:121,10,1,0
BRDA:126,11,0,0
BRDA:126,11,1,0
BRDA:131,12,0,0
BRDA:131,12,1,0
BRDA:137,13,0,0
BRDA:137,13,1,0
BRDA:144,14,0,0
BRDA:144,14,1,0
BRDA:150,15,0,0
BRDA:150,15,1,0
BRDA:157,16,0,0
BRDA:157,16,1,0
BRDA:163,17,0,0
BRDA:163,17,1,0
BRDA:171,18,0,0
BRDA:171,18,1,0
BRF:38
BRH:0
end_of_record
TN:
SF:src/components/dashboard/GastosFijosSection.jsx
FN:5,GastosFijosSection
FN:23,(anonymous_1)
FN:36,(anonymous_2)
FN:40,(anonymous_3)
FN:50,(anonymous_4)
FN:62,(anonymous_5)
FN:63,(anonymous_6)
FN:80,(anonymous_7)
FN:81,(anonymous_8)
FNF:9
FNH:4
FNDA:1,GastosFijosSection
FNDA:12,(anonymous_1)
FNDA:0,(anonymous_2)
FNDA:0,(anonymous_3)
FNDA:0,(anonymous_4)
FNDA:12,(anonymous_5)
FNDA:0,(anonymous_6)
FNDA:12,(anonymous_7)
FNDA:0,(anonymous_8)
DA:11,1
DA:12,1
DA:24,12
DA:37,0
DA:41,0
DA:50,0
DA:63,12
DA:64,12
DA:65,12
DA:81,12
DA:82,12
DA:83,12
LF:12
LH:9
BRDA:27,0,0,1
BRDA:27,0,1,11
BRDA:44,1,0,0
BRDA:44,1,1,0
BRDA:64,2,0,12
BRDA:64,2,1,12
BRDA:69,3,0,1
BRDA:69,3,1,11
BRDA:82,4,0,12
BRDA:82,4,1,12
BRDA:87,5,0,1
BRDA:87,5,1,11
BRF:12
BRH:10
end_of_record
TN:
SF:src/components/dashboard/IndicadoresSection.jsx
FN:5,IndicadoresSection
FN:12,(anonymous_1)
FNF:2
FNH:1
FNDA:1,IndicadoresSection
FNDA:0,(anonymous_1)
DA:6,1
DA:13,0
LF:2
LH:1
BRDA:12,0,0,1
BRDA:12,0,1,1
BRDA:15,1,0,0
BRDA:15,1,1,0
BRDA:16,2,0,0
BRDA:16,2,1,0
BRF:6
BRH:2
end_of_record
TN:
SF:src/components/dashboard/ResumenCategoriasSection.jsx
FN:4,ResumenCategoriasSection
FN:29,(anonymous_1)
FN:37,(anonymous_2)
FN:41,(anonymous_3)
FN:57,(anonymous_4)
FN:58,(anonymous_5)
FN:60,(anonymous_6)
FNF:7
FNH:1
FNDA:1,ResumenCategoriasSection
FNDA:0,(anonymous_1)
FNDA:0,(anonymous_2)
FNDA:0,(anonymous_3)
FNDA:0,(anonymous_4)
FNDA:0,(anonymous_5)
FNDA:0,(anonymous_6)
DA:5,1
DA:19,1
DA:20,1
DA:30,0
DA:38,0
DA:39,0
DA:42,0
DA:58,0
DA:59,0
DA:60,0
DA:63,0
LF:11
LH:3
BRDA:38,0,0,0
BRDA:38,0,1,0
BRDA:43,1,0,0
BRDA:43,1,1,0
BRDA:59,2,0,0
BRDA:59,2,1,0
BRDA:60,3,0,0
BRDA:60,3,1,0
BRDA:65,4,0,0
BRDA:65,4,1,0
BRDA:67,5,0,0
BRDA:67,5,1,0
BRF:12
BRH:0
end_of_record
TN:
SF:src/components/dashboard/TotalesCategoriaSection.jsx
FN:5,TotalesCategoriaSection
FN:20,(anonymous_1)
FNF:2
FNH:1
FNDA:1,TotalesCategoriaSection
FNDA:0,(anonymous_1)
DA:6,1
DA:21,0
LF:2
LH:1
BRF:0
BRH:0
end_of_record
TN:
SF:src/hooks/useDashboardData.js
FN:5,(anonymous_0)
FN:10,(anonymous_1)
FN:12,(anonymous_2)
FN:17,useDashboardData
FN:27,(anonymous_4)
FN:35,(anonymous_5)
FN:44,(anonymous_6)
FN:50,(anonymous_7)
FN:53,(anonymous_8)
FN:57,(anonymous_9)
FN:71,(anonymous_10)
FN:82,(anonymous_11)
FN:85,(anonymous_12)
FNF:13
FNH:6
FNDA:1,(anonymous_0)
FNDA:0,(anonymous_1)
FNDA:0,(anonymous_2)
FNDA:2,useDashboardData
FNDA:1,(anonymous_4)
FNDA:1,(anonymous_5)
FNDA:0,(anonymous_6)
FNDA:0,(anonymous_7)
FNDA:1,(anonymous_8)
FNDA:1,(anonymous_9)
FNDA:0,(anonymous_10)
FNDA:0,(anonymous_11)
FNDA:0,(anonymous_12)
DA:5,1
DA:6,1
DA:7,1
DA:10,0
DA:11,0
DA:12,0
DA:14,0
DA:18,2
DA:19,1
DA:20,1
DA:21,1
DA:22,1
DA:23,1
DA:24,1
DA:25,1
DA:27,1
DA:28,1
DA:29,1
DA:30,0
DA:31,0
DA:35,1
DA:36,1
DA:37,1
DA:38,1
DA:39,1
DA:40,1
DA:42,1
DA:45,0
DA:48,1
DA:50,0
DA:53,1
DA:54,1
DA:57,1
DA:58,1
DA:70,1
DA:72,0
DA:73,0
DA:81,0
DA:83,0
DA:86,0
DA:89,0
DA:95,1
LF:42
LH:28
BRDA:6,0,0,1
BRDA:6,0,1,0
BRDA:29,1,0,0
BRDA:29,1,1,1
BRDA:58,2,0,0
BRDA:58,2,1,1
BRDA:62,3,0,0
BRDA:62,3,1,0
BRDA:63,4,0,0
BRDA:63,4,1,0
BRDA:72,5,0,0
BRDA:72,5,1,0
BRF:12
BRH:3
end_of_record
TN:
SF:src/utils/api.js
FN:5,(anonymous_0)
FN:5,(anonymous_1)
FN:7,(anonymous_2)
FN:8,(anonymous_3)
FNF:4
FNH:2
FNDA:8,(anonymous_0)
FNDA:8,(anonymous_1)
FNDA:0,(anonymous_2)
FNDA:0,(anonymous_3)
DA:3,2
DA:5,8
DA:7,2
DA:8,0
LF:4
LH:3
BRF:0
BRH:0
end_of_record
TN:
SF:src/utils/dashboardMaps.js
FN:1,mapDashboardData
FNF:1
FNH:1
FNDA:1,mapDashboardData
DA:2,1
DA:14,2
DA:26,2
LF:3
LH:3
BRF:0
BRH:0
end_of_record
TN:
SF:src/utils/format.js
FN:3,formateaMoneda
FN:10,formateaFecha
FNF:2
FNH:2
FNDA:38,formateaMoneda
FNDA:1,formateaFecha
DA:4,38
DA:8,2
DA:11,1
DA:12,1
LF:4
LH:4
BRDA:4,0,0,38
BRDA:4,0,1,0
BRF:2
BRH:1
end_of_record
TN:
SF:src/utils/meses.js
FN:16,obtenerMesNombre
FNF:1
FNH:1
FNDA:1,obtenerMesNombre
DA:1,2
DA:17,1
LF:2
LH:2
BRDA:17,0,0,1
BRDA:17,0,1,0
BRF:2
BRH:1
end_of_record
